CRITICAL - 2024-03-15 18:12:18 --> CodeIgniter\Exceptions\ConfigException: Config\App::$baseURL "public/" is not a valid URL.
in SYSTEMPATH/HTTP/SiteURI.php on line 199.
 1 SYSTEMPATH/HTTP/SiteURI.php(145): CodeIgniter\HTTP\SiteURI->normalizeBaseURL()
 2 SYSTEMPATH/HTTP/SiteURI.php(100): CodeIgniter\HTTP\SiteURI->determineBaseURL()
 3 SYSTEMPATH/HTTP/SiteURIFactory.php(224): CodeIgniter\HTTP\SiteURI->__construct()
 4 SYSTEMPATH/HTTP/SiteURIFactory.php(45): CodeIgniter\HTTP\SiteURIFactory->createURIFromRoutePath()
 5 SYSTEMPATH/Config/Services.php(799): CodeIgniter\HTTP\SiteURIFactory->createFromGlobals()
 6 SYSTEMPATH/Config/BaseService.php(258): CodeIgniter\Config\Services::uri()
 7 SYSTEMPATH/Config/BaseService.php(199): CodeIgniter\Config\BaseService::__callStatic()
 8 SYSTEMPATH/Config/Services.php(792): CodeIgniter\Config\BaseService::getSharedInstance()
 9 SYSTEMPATH/Config/BaseService.php(258): CodeIgniter\Config\Services::uri()
10 SYSTEMPATH/Config/Services.php(566): CodeIgniter\Config\BaseService::__callStatic()
11 SYSTEMPATH/Config/BaseService.php(258): CodeIgniter\Config\Services::incomingrequest()
12 SYSTEMPATH/Config/Services.php(524): CodeIgniter\Config\BaseService::__callStatic()
13 SYSTEMPATH/Config/BaseService.php(258): CodeIgniter\Config\Services::request()
14 SYSTEMPATH/Config/BaseService.php(199): CodeIgniter\Config\BaseService::__callStatic()
15 SYSTEMPATH/Config/Services.php(559): CodeIgniter\Config\BaseService::getSharedInstance()
16 SYSTEMPATH/Config/BaseService.php(258): CodeIgniter\Config\Services::incomingrequest()
17 SYSTEMPATH/Config/Services.php(539): CodeIgniter\Config\BaseService::__callStatic()
18 SYSTEMPATH/Config/BaseService.php(258): CodeIgniter\Config\Services::createRequest()
19 SYSTEMPATH/CodeIgniter.php(655): CodeIgniter\Config\BaseService::__callStatic()
20 SYSTEMPATH/CodeIgniter.php(355): CodeIgniter\CodeIgniter->getRequestObject()
21 FCPATH/index.php(79): CodeIgniter\CodeIgniter->run()
CRITICAL - 2024-03-15 18:12:18 --> ErrorException: Uncaught CodeIgniter\Exceptions\ConfigException: Config\App::$baseURL "public/" is not a valid URL. in /home/u866861647/domains/verifyreviews.es/public_html/verifyreviews/system/HTTP/SiteURI.php:199
Stack trace:
#0 /home/u866861647/domains/verifyreviews.es/public_html/verifyreviews/system/HTTP/SiteURI.php(145): CodeIgniter\HTTP\SiteURI->normalizeBaseURL()
#1 /home/u866861647/domains/verifyreviews.es/public_html/verifyreviews/system/HTTP/SiteURI.php(100): CodeIgniter\HTTP\SiteURI->determineBaseURL()
#2 /home/u866861647/domains/verifyreviews.es/public_html/verifyreviews/system/HTTP/SiteURIFactory.php(224): CodeIgniter\HTTP\SiteURI->__construct()
#3 /home/u866861647/domains/verifyreviews.es/public_html/verifyreviews/system/HTTP/SiteURIFactory.php(45): CodeIgniter\HTTP\SiteURIFactory->createURIFromRoutePath()
#4 /home/u866861647/domains/verifyreviews.es/public_html/verifyreviews/system/Config/Services.php(799): CodeIgniter\HTTP\SiteURIFactory->createFromGlobals()
#5 /home/u866861647/domains/verifyreviews.es/public_html/verifyreviews/system/Config/BaseService.php(258): CodeIgniter\Config\Services::uri()
#6 /home/u866861647/domains/verifyreviews.es/public_html/verifyreviews/system/Config/BaseService.php(199): CodeIgniter\Config\BaseService::__callStatic()
#7 /home/u866861647/domains/verifyreviews.es/public_html/verifyreviews/system/Config/Services.php(792): CodeIgniter\Config\BaseService::getSharedInstance()
#8 /home/u866861647/domains/verifyreviews.es/public_html/verifyreviews/system/Config/BaseService.php(258): CodeIgniter\Config\Services::uri()
#9 /home/u866861647/domains/verifyreviews.es/public_html/verifyreviews/system/Config/Services.php(566): CodeIgniter\Config\BaseService::__callStatic()
#10 /home/u866861647/domains/verifyreviews.es/public_html/verifyreviews/system/Config/BaseService.php(258): CodeIgniter\Config\Services::incomingrequest()
#11 /home/u866861647/domains/verifyreviews.es/public_html/verifyreviews/system/Config/Services.php(524): CodeIgniter\Config\BaseService::__callStatic()
#12 /home/u866861647/domains/verifyreviews.es/public_html/verifyreviews/system/Config/BaseService.php(258): CodeIgniter\Config\Services::request()
#13 /home/u866861647/domains/verifyreviews.es/public_html/verifyreviews/system/Config/BaseService.php(199): CodeIgniter\Config\BaseService::__callStatic()
#14 /home/u866861647/domains/verifyreviews.es/public_html/verifyreviews/system/Config/Services.php(520): CodeIgniter\Config\BaseService::getSharedInstance()
#15 /home/u866861647/domains/verifyreviews.es/public_html/verifyreviews/system/Config/BaseService.php(258): CodeIgniter\Config\Services::request()
#16 /home/u866861647/domains/verifyreviews.es/public_html/verifyreviews/system/Debug/Exceptions.php(150): CodeIgniter\Config\BaseService::__callStatic()
#17 [internal function]: CodeIgniter\Debug\Exceptions->exceptionHandler()
#18 {main}
  thrown
【Previous Exception】
CodeIgniter\Exceptions\ConfigException
Config\App::$baseURL "public/" is not a valid URL.
#0 /home/u866861647/domains/verifyreviews.es/public_html/verifyreviews/system/HTTP/SiteURI.php(145): CodeIgniter\HTTP\SiteURI->normalizeBaseURL()
#1 /home/u866861647/domains/verifyreviews.es/public_html/verifyreviews/system/HTTP/SiteURI.php(100): CodeIgniter\HTTP\SiteURI->determineBaseURL()
#2 /home/u866861647/domains/verifyreviews.es/public_html/verifyreviews/system/HTTP/SiteURIFactory.php(224): CodeIgniter\HTTP\SiteURI->__construct()
#3 /home/u866861647/domains/verifyreviews.es/public_html/verifyreviews/system/HTTP/SiteURIFactory.php(45): CodeIgniter\HTTP\SiteURIFactory->createURIFromRoutePath()
#4 /home/u866861647/domains/verifyreviews.es/public_html/verifyreviews/system/Config/Services.php(799): CodeIgniter\HTTP\SiteURIFactory->createFromGlobals()
#5 /home/u866861647/domains/verifyreviews.es/public_html/verifyreviews/system/Config/BaseService.php(258): CodeIgniter\Config\Services::uri()
#6 /home/u866861647/domains/verifyreviews.es/public_html/verifyreviews/system/Config/BaseService.php(199): CodeIgniter\Config\BaseService::__callStatic()
#7 /home/u866861647/domains/verifyreviews.es/public_html/verifyreviews/system/Config/Services.php(792): CodeIgniter\Config\BaseService::getSharedInstance()
#8 /home/u866861647/domains/verifyreviews.es/public_html/verifyreviews/system/Config/BaseService.php(258): CodeIgniter\Config\Services::uri()
#9 /home/u866861647/domains/verifyreviews.es/public_html/verifyreviews/system/Config/Services.php(566): CodeIgniter\Config\BaseService::__callStatic()
#10 /home/u866861647/domains/verifyreviews.es/public_html/verifyreviews/system/Config/BaseService.php(258): CodeIgniter\Config\Services::incomingrequest()
#11 /home/u866861647/domains/verifyreviews.es/public_html/verifyreviews/system/Config/Services.php(524): CodeIgniter\Config\BaseService::__callStatic()
#12 /home/u866861647/domains/verifyreviews.es/public_html/verifyreviews/system/Config/BaseService.php(258): CodeIgniter\Config\Services::request()
#13 /home/u866861647/domains/verifyreviews.es/public_html/verifyreviews/system/Config/BaseService.php(199): CodeIgniter\Config\BaseService::__callStatic()
#14 /home/u866861647/domains/verifyreviews.es/public_html/verifyreviews/system/Config/Services.php(559): CodeIgniter\Config\BaseService::getSharedInstance()
#15 /home/u866861647/domains/verifyreviews.es/public_html/verifyreviews/system/Config/BaseService.php(258): CodeIgniter\Config\Services::incomingrequest()
#16 /home/u866861647/domains/verifyreviews.es/public_html/verifyreviews/system/Config/Services.php(539): CodeIgniter\Config\BaseService::__callStatic()
#17 /home/u866861647/domains/verifyreviews.es/public_html/verifyreviews/system/Config/BaseService.php(258): CodeIgniter\Config\Services::createRequest()
#18 /home/u866861647/domains/verifyreviews.es/public_html/verifyreviews/system/CodeIgniter.php(655): CodeIgniter\Config\BaseService::__callStatic()
#19 /home/u866861647/domains/verifyreviews.es/public_html/verifyreviews/system/CodeIgniter.php(355): CodeIgniter\CodeIgniter->getRequestObject()
#20 /home/u866861647/domains/verifyreviews.es/public_html/verifyreviews/public/index.php(79): CodeIgniter\CodeIgniter->run()
#21 {main}
in SYSTEMPATH/HTTP/SiteURI.php on line 199.
 1 [internal function]: CodeIgniter\Debug\Exceptions->shutdownHandler()
