CRITICAL - 2024-03-30 10:15:36 --> Error: Class name must be a valid object or a string
in APPPATH/Controllers/Home.php on line 54.
 1 SYSTEMPATH/CodeIgniter.php(941): App\Controllers\Home->index()
 2 SYSTEMPATH/CodeIgniter.php(502): CodeIgniter\CodeIgniter->runController()
 3 SYSTEMPATH/CodeIgniter.php(361): CodeIgniter\CodeIgniter->handleRequest()
 4 FCPATH/index.php(79): CodeIgniter\CodeIgniter->run()
CRITICAL - 2024-03-30 10:31:18 --> Error: Class name must be a valid object or a string
in APPPATH/Controllers/Home.php on line 54.
 1 SYSTEMPATH/CodeIgniter.php(941): App\Controllers\Home->index()
 2 SYSTEMPATH/CodeIgniter.php(502): CodeIgniter\CodeIgniter->runController()
 3 SYSTEMPATH/CodeIgniter.php(361): CodeIgniter\CodeIgniter->handleRequest()
 4 FCPATH/index.php(79): CodeIgniter\CodeIgniter->run()
CRITICAL - 2024-03-30 10:31:19 --> Error: Class name must be a valid object or a string
in APPPATH/Controllers/Home.php on line 54.
 1 SYSTEMPATH/CodeIgniter.php(941): App\Controllers\Home->index()
 2 SYSTEMPATH/CodeIgniter.php(502): CodeIgniter\CodeIgniter->runController()
 3 SYSTEMPATH/CodeIgniter.php(361): CodeIgniter\CodeIgniter->handleRequest()
 4 FCPATH/index.php(79): CodeIgniter\CodeIgniter->run()
CRITICAL - 2024-03-30 13:10:01 --> ErrorException: Undefined variable $campoBD
in APPPATH/Controllers/Home.php on line 106.
 1 APPPATH/Controllers/Home.php(106): CodeIgniter\Debug\Exceptions->errorHandler()
 2 SYSTEMPATH/CodeIgniter.php(941): App\Controllers\Home->setNegocio()
 3 SYSTEMPATH/CodeIgniter.php(502): CodeIgniter\CodeIgniter->runController()
 4 SYSTEMPATH/CodeIgniter.php(361): CodeIgniter\CodeIgniter->handleRequest()
 5 FCPATH/index.php(79): CodeIgniter\CodeIgniter->run()
CRITICAL - 2024-03-30 13:11:01 --> ErrorException: move_uploaded_file(https://verifyReviews.es/verifyreviews/public/images//negocio/img1): Failed to open stream: HTTP wrapper does not support writeable connections
in APPPATH/Controllers/Home.php on line 113.
 1 [internal function]: CodeIgniter\Debug\Exceptions->errorHandler()
 2 APPPATH/Controllers/Home.php(113): move_uploaded_file()
 3 SYSTEMPATH/CodeIgniter.php(941): App\Controllers\Home->setNegocio()
 4 SYSTEMPATH/CodeIgniter.php(502): CodeIgniter\CodeIgniter->runController()
 5 SYSTEMPATH/CodeIgniter.php(361): CodeIgniter\CodeIgniter->handleRequest()
 6 FCPATH/index.php(79): CodeIgniter\CodeIgniter->run()
CRITICAL - 2024-03-30 13:12:53 --> ErrorException: move_uploaded_file(https://verifyReviews.es/verifyreviews/public/images///negocio/img1): Failed to open stream: HTTP wrapper does not support writeable connections
in APPPATH/Controllers/Home.php on line 113.
 1 [internal function]: CodeIgniter\Debug\Exceptions->errorHandler()
 2 APPPATH/Controllers/Home.php(113): move_uploaded_file()
 3 SYSTEMPATH/CodeIgniter.php(941): App\Controllers\Home->setNegocio()
 4 SYSTEMPATH/CodeIgniter.php(502): CodeIgniter\CodeIgniter->runController()
 5 SYSTEMPATH/CodeIgniter.php(361): CodeIgniter\CodeIgniter->handleRequest()
 6 FCPATH/index.php(79): CodeIgniter\CodeIgniter->run()
CRITICAL - 2024-03-30 13:37:51 --> ErrorException: move_uploaded_file(/home/u866861647/domains/verifyreviews.es/public_html/verifyreviews/public/images/caballo/negocio/img1.image/png): Failed to open stream: No such file or directory
in APPPATH/Controllers/Home.php on line 112.
 1 [internal function]: CodeIgniter\Debug\Exceptions->errorHandler()
 2 APPPATH/Controllers/Home.php(112): move_uploaded_file()
 3 SYSTEMPATH/CodeIgniter.php(941): App\Controllers\Home->setNegocio()
 4 SYSTEMPATH/CodeIgniter.php(502): CodeIgniter\CodeIgniter->runController()
 5 SYSTEMPATH/CodeIgniter.php(361): CodeIgniter\CodeIgniter->handleRequest()
 6 FCPATH/index.php(79): CodeIgniter\CodeIgniter->run()
ERROR - 2024-03-30 18:12:39 --> mysqli_sql_exception: You have an error in your SQL syntax; check the manual that corresponds to your MariaDB server version for the right syntax to use near ':nombre, :email	, :calle	, :ciudad, :pais, :telefono_negocio, :fotos, :foto_p...' at line 1 in /home/u866861647/domains/verifyreviews.es/public_html/verifyreviews/system/Database/MySQLi/Connection.php:306
Stack trace:
#0 /home/u866861647/domains/verifyreviews.es/public_html/verifyreviews/system/Database/MySQLi/Connection.php(306): mysqli->query()
#1 /home/u866861647/domains/verifyreviews.es/public_html/verifyreviews/system/Database/BaseConnection.php(693): CodeIgniter\Database\MySQLi\Connection->execute()
#2 /home/u866861647/domains/verifyreviews.es/public_html/verifyreviews/system/Database/BaseConnection.php(607): CodeIgniter\Database\BaseConnection->simpleQuery()
#3 /home/u866861647/domains/verifyreviews.es/public_html/verifyreviews/app/Models/BaseDatos.php(47): CodeIgniter\Database\BaseConnection->query()
#4 /home/u866861647/domains/verifyreviews.es/public_html/verifyreviews/app/Models/Master.php(49): App\Models\BaseDatos->setNegocio()
#5 /home/u866861647/domains/verifyreviews.es/public_html/verifyreviews/app/Controllers/Home.php(145): App\Models\Master->setNegocio()
#6 /home/u866861647/domains/verifyreviews.es/public_html/verifyreviews/system/CodeIgniter.php(941): App\Controllers\Home->setNegocio()
#7 /home/u866861647/domains/verifyreviews.es/public_html/verifyreviews/system/CodeIgniter.php(502): CodeIgniter\CodeIgniter->runController()
#8 /home/u866861647/domains/verifyreviews.es/public_html/verifyreviews/system/CodeIgniter.php(361): CodeIgniter\CodeIgniter->handleRequest()
#9 /home/u866861647/domains/verifyreviews.es/public_html/verifyreviews/public/index.php(79): CodeIgniter\CodeIgniter->run()
#10 {main}
CRITICAL - 2024-03-30 18:12:39 --> CodeIgniter\Database\Exceptions\DatabaseException: You have an error in your SQL syntax; check the manual that corresponds to your MariaDB server version for the right syntax to use near ':nombre, :email	, :calle	, :ciudad, :pais, :telefono_negocio, :fotos, :foto_p...' at line 1
in SYSTEMPATH/Database/BaseConnection.php on line 647.
 1 APPPATH/Models/BaseDatos.php(47): CodeIgniter\Database\BaseConnection->query()
 2 APPPATH/Models/Master.php(49): App\Models\BaseDatos->setNegocio()
 3 APPPATH/Controllers/Home.php(145): App\Models\Master->setNegocio()
 4 SYSTEMPATH/CodeIgniter.php(941): App\Controllers\Home->setNegocio()
 5 SYSTEMPATH/CodeIgniter.php(502): CodeIgniter\CodeIgniter->runController()
 6 SYSTEMPATH/CodeIgniter.php(361): CodeIgniter\CodeIgniter->handleRequest()
 7 FCPATH/index.php(79): CodeIgniter\CodeIgniter->run()
CRITICAL - 2024-03-30 18:12:39 --> [Caused by] CodeIgniter\Database\Exceptions\DatabaseException: You have an error in your SQL syntax; check the manual that corresponds to your MariaDB server version for the right syntax to use near ':nombre, :email	, :calle	, :ciudad, :pais, :telefono_negocio, :fotos, :foto_p...' at line 1
in SYSTEMPATH/Database/MySQLi/Connection.php on line 311.
 1 SYSTEMPATH/Database/BaseConnection.php(693): CodeIgniter\Database\MySQLi\Connection->execute()
 2 SYSTEMPATH/Database/BaseConnection.php(607): CodeIgniter\Database\BaseConnection->simpleQuery()
 3 APPPATH/Models/BaseDatos.php(47): CodeIgniter\Database\BaseConnection->query()
 4 APPPATH/Models/Master.php(49): App\Models\BaseDatos->setNegocio()
 5 APPPATH/Controllers/Home.php(145): App\Models\Master->setNegocio()
 6 SYSTEMPATH/CodeIgniter.php(941): App\Controllers\Home->setNegocio()
 7 SYSTEMPATH/CodeIgniter.php(502): CodeIgniter\CodeIgniter->runController()
 8 SYSTEMPATH/CodeIgniter.php(361): CodeIgniter\CodeIgniter->handleRequest()
 9 FCPATH/index.php(79): CodeIgniter\CodeIgniter->run()
CRITICAL - 2024-03-30 18:12:39 --> [Caused by] mysqli_sql_exception: You have an error in your SQL syntax; check the manual that corresponds to your MariaDB server version for the right syntax to use near ':nombre, :email	, :calle	, :ciudad, :pais, :telefono_negocio, :fotos, :foto_p...' at line 1
in SYSTEMPATH/Database/MySQLi/Connection.php on line 306.
 1 SYSTEMPATH/Database/MySQLi/Connection.php(306): mysqli->query()
 2 SYSTEMPATH/Database/BaseConnection.php(693): CodeIgniter\Database\MySQLi\Connection->execute()
 3 SYSTEMPATH/Database/BaseConnection.php(607): CodeIgniter\Database\BaseConnection->simpleQuery()
 4 APPPATH/Models/BaseDatos.php(47): CodeIgniter\Database\BaseConnection->query()
 5 APPPATH/Models/Master.php(49): App\Models\BaseDatos->setNegocio()
 6 APPPATH/Controllers/Home.php(145): App\Models\Master->setNegocio()
 7 SYSTEMPATH/CodeIgniter.php(941): App\Controllers\Home->setNegocio()
 8 SYSTEMPATH/CodeIgniter.php(502): CodeIgniter\CodeIgniter->runController()
 9 SYSTEMPATH/CodeIgniter.php(361): CodeIgniter\CodeIgniter->handleRequest()
10 FCPATH/index.php(79): CodeIgniter\CodeIgniter->run()
ERROR - 2024-03-30 18:14:57 --> mysqli_sql_exception: You have an error in your SQL syntax; check the manual that corresponds to your MariaDB server version for the right syntax to use near ':nombre, :email	, :calle	, :ciudad, :pais, :telefono_negocio, :fotos, :foto_p...' at line 1 in /home/u866861647/domains/verifyreviews.es/public_html/verifyreviews/system/Database/MySQLi/Connection.php:306
Stack trace:
#0 /home/u866861647/domains/verifyreviews.es/public_html/verifyreviews/system/Database/MySQLi/Connection.php(306): mysqli->query()
#1 /home/u866861647/domains/verifyreviews.es/public_html/verifyreviews/system/Database/BaseConnection.php(693): CodeIgniter\Database\MySQLi\Connection->execute()
#2 /home/u866861647/domains/verifyreviews.es/public_html/verifyreviews/system/Database/BaseConnection.php(607): CodeIgniter\Database\BaseConnection->simpleQuery()
#3 /home/u866861647/domains/verifyreviews.es/public_html/verifyreviews/app/Models/BaseDatos.php(47): CodeIgniter\Database\BaseConnection->query()
#4 /home/u866861647/domains/verifyreviews.es/public_html/verifyreviews/app/Models/Master.php(49): App\Models\BaseDatos->setNegocio()
#5 /home/u866861647/domains/verifyreviews.es/public_html/verifyreviews/app/Controllers/Home.php(145): App\Models\Master->setNegocio()
#6 /home/u866861647/domains/verifyreviews.es/public_html/verifyreviews/system/CodeIgniter.php(941): App\Controllers\Home->setNegocio()
#7 /home/u866861647/domains/verifyreviews.es/public_html/verifyreviews/system/CodeIgniter.php(502): CodeIgniter\CodeIgniter->runController()
#8 /home/u866861647/domains/verifyreviews.es/public_html/verifyreviews/system/CodeIgniter.php(361): CodeIgniter\CodeIgniter->handleRequest()
#9 /home/u866861647/domains/verifyreviews.es/public_html/verifyreviews/public/index.php(79): CodeIgniter\CodeIgniter->run()
#10 {main}
CRITICAL - 2024-03-30 18:14:57 --> CodeIgniter\Database\Exceptions\DatabaseException: You have an error in your SQL syntax; check the manual that corresponds to your MariaDB server version for the right syntax to use near ':nombre, :email	, :calle	, :ciudad, :pais, :telefono_negocio, :fotos, :foto_p...' at line 1
in SYSTEMPATH/Database/BaseConnection.php on line 647.
 1 APPPATH/Models/BaseDatos.php(47): CodeIgniter\Database\BaseConnection->query()
 2 APPPATH/Models/Master.php(49): App\Models\BaseDatos->setNegocio()
 3 APPPATH/Controllers/Home.php(145): App\Models\Master->setNegocio()
 4 SYSTEMPATH/CodeIgniter.php(941): App\Controllers\Home->setNegocio()
 5 SYSTEMPATH/CodeIgniter.php(502): CodeIgniter\CodeIgniter->runController()
 6 SYSTEMPATH/CodeIgniter.php(361): CodeIgniter\CodeIgniter->handleRequest()
 7 FCPATH/index.php(79): CodeIgniter\CodeIgniter->run()
CRITICAL - 2024-03-30 18:14:57 --> [Caused by] CodeIgniter\Database\Exceptions\DatabaseException: You have an error in your SQL syntax; check the manual that corresponds to your MariaDB server version for the right syntax to use near ':nombre, :email	, :calle	, :ciudad, :pais, :telefono_negocio, :fotos, :foto_p...' at line 1
in SYSTEMPATH/Database/MySQLi/Connection.php on line 311.
 1 SYSTEMPATH/Database/BaseConnection.php(693): CodeIgniter\Database\MySQLi\Connection->execute()
 2 SYSTEMPATH/Database/BaseConnection.php(607): CodeIgniter\Database\BaseConnection->simpleQuery()
 3 APPPATH/Models/BaseDatos.php(47): CodeIgniter\Database\BaseConnection->query()
 4 APPPATH/Models/Master.php(49): App\Models\BaseDatos->setNegocio()
 5 APPPATH/Controllers/Home.php(145): App\Models\Master->setNegocio()
 6 SYSTEMPATH/CodeIgniter.php(941): App\Controllers\Home->setNegocio()
 7 SYSTEMPATH/CodeIgniter.php(502): CodeIgniter\CodeIgniter->runController()
 8 SYSTEMPATH/CodeIgniter.php(361): CodeIgniter\CodeIgniter->handleRequest()
 9 FCPATH/index.php(79): CodeIgniter\CodeIgniter->run()
CRITICAL - 2024-03-30 18:14:57 --> [Caused by] mysqli_sql_exception: You have an error in your SQL syntax; check the manual that corresponds to your MariaDB server version for the right syntax to use near ':nombre, :email	, :calle	, :ciudad, :pais, :telefono_negocio, :fotos, :foto_p...' at line 1
in SYSTEMPATH/Database/MySQLi/Connection.php on line 306.
 1 SYSTEMPATH/Database/MySQLi/Connection.php(306): mysqli->query()
 2 SYSTEMPATH/Database/BaseConnection.php(693): CodeIgniter\Database\MySQLi\Connection->execute()
 3 SYSTEMPATH/Database/BaseConnection.php(607): CodeIgniter\Database\BaseConnection->simpleQuery()
 4 APPPATH/Models/BaseDatos.php(47): CodeIgniter\Database\BaseConnection->query()
 5 APPPATH/Models/Master.php(49): App\Models\BaseDatos->setNegocio()
 6 APPPATH/Controllers/Home.php(145): App\Models\Master->setNegocio()
 7 SYSTEMPATH/CodeIgniter.php(941): App\Controllers\Home->setNegocio()
 8 SYSTEMPATH/CodeIgniter.php(502): CodeIgniter\CodeIgniter->runController()
 9 SYSTEMPATH/CodeIgniter.php(361): CodeIgniter\CodeIgniter->handleRequest()
10 FCPATH/index.php(79): CodeIgniter\CodeIgniter->run()
ERROR - 2024-03-30 18:19:53 --> mysqli_sql_exception: You have an error in your SQL syntax; check the manual that corresponds to your MariaDB server version for the right syntax to use near ':nombre, :email, :calle, :ciudad, :pais, :telefono_negocio, :fotos, :foto_pri...' at line 1 in /home/u866861647/domains/verifyreviews.es/public_html/verifyreviews/system/Database/MySQLi/Connection.php:306
Stack trace:
#0 /home/u866861647/domains/verifyreviews.es/public_html/verifyreviews/system/Database/MySQLi/Connection.php(306): mysqli->query()
#1 /home/u866861647/domains/verifyreviews.es/public_html/verifyreviews/system/Database/BaseConnection.php(693): CodeIgniter\Database\MySQLi\Connection->execute()
#2 /home/u866861647/domains/verifyreviews.es/public_html/verifyreviews/system/Database/BaseConnection.php(607): CodeIgniter\Database\BaseConnection->simpleQuery()
#3 /home/u866861647/domains/verifyreviews.es/public_html/verifyreviews/app/Models/BaseDatos.php(46): CodeIgniter\Database\BaseConnection->query()
#4 /home/u866861647/domains/verifyreviews.es/public_html/verifyreviews/app/Models/Master.php(49): App\Models\BaseDatos->setNegocio()
#5 /home/u866861647/domains/verifyreviews.es/public_html/verifyreviews/app/Controllers/Home.php(145): App\Models\Master->setNegocio()
#6 /home/u866861647/domains/verifyreviews.es/public_html/verifyreviews/system/CodeIgniter.php(941): App\Controllers\Home->setNegocio()
#7 /home/u866861647/domains/verifyreviews.es/public_html/verifyreviews/system/CodeIgniter.php(502): CodeIgniter\CodeIgniter->runController()
#8 /home/u866861647/domains/verifyreviews.es/public_html/verifyreviews/system/CodeIgniter.php(361): CodeIgniter\CodeIgniter->handleRequest()
#9 /home/u866861647/domains/verifyreviews.es/public_html/verifyreviews/public/index.php(79): CodeIgniter\CodeIgniter->run()
#10 {main}
CRITICAL - 2024-03-30 18:19:53 --> CodeIgniter\Database\Exceptions\DatabaseException: You have an error in your SQL syntax; check the manual that corresponds to your MariaDB server version for the right syntax to use near ':nombre, :email, :calle, :ciudad, :pais, :telefono_negocio, :fotos, :foto_pri...' at line 1
in SYSTEMPATH/Database/BaseConnection.php on line 647.
 1 APPPATH/Models/BaseDatos.php(46): CodeIgniter\Database\BaseConnection->query()
 2 APPPATH/Models/Master.php(49): App\Models\BaseDatos->setNegocio()
 3 APPPATH/Controllers/Home.php(145): App\Models\Master->setNegocio()
 4 SYSTEMPATH/CodeIgniter.php(941): App\Controllers\Home->setNegocio()
 5 SYSTEMPATH/CodeIgniter.php(502): CodeIgniter\CodeIgniter->runController()
 6 SYSTEMPATH/CodeIgniter.php(361): CodeIgniter\CodeIgniter->handleRequest()
 7 FCPATH/index.php(79): CodeIgniter\CodeIgniter->run()
CRITICAL - 2024-03-30 18:19:53 --> [Caused by] CodeIgniter\Database\Exceptions\DatabaseException: You have an error in your SQL syntax; check the manual that corresponds to your MariaDB server version for the right syntax to use near ':nombre, :email, :calle, :ciudad, :pais, :telefono_negocio, :fotos, :foto_pri...' at line 1
in SYSTEMPATH/Database/MySQLi/Connection.php on line 311.
 1 SYSTEMPATH/Database/BaseConnection.php(693): CodeIgniter\Database\MySQLi\Connection->execute()
 2 SYSTEMPATH/Database/BaseConnection.php(607): CodeIgniter\Database\BaseConnection->simpleQuery()
 3 APPPATH/Models/BaseDatos.php(46): CodeIgniter\Database\BaseConnection->query()
 4 APPPATH/Models/Master.php(49): App\Models\BaseDatos->setNegocio()
 5 APPPATH/Controllers/Home.php(145): App\Models\Master->setNegocio()
 6 SYSTEMPATH/CodeIgniter.php(941): App\Controllers\Home->setNegocio()
 7 SYSTEMPATH/CodeIgniter.php(502): CodeIgniter\CodeIgniter->runController()
 8 SYSTEMPATH/CodeIgniter.php(361): CodeIgniter\CodeIgniter->handleRequest()
 9 FCPATH/index.php(79): CodeIgniter\CodeIgniter->run()
CRITICAL - 2024-03-30 18:19:53 --> [Caused by] mysqli_sql_exception: You have an error in your SQL syntax; check the manual that corresponds to your MariaDB server version for the right syntax to use near ':nombre, :email, :calle, :ciudad, :pais, :telefono_negocio, :fotos, :foto_pri...' at line 1
in SYSTEMPATH/Database/MySQLi/Connection.php on line 306.
 1 SYSTEMPATH/Database/MySQLi/Connection.php(306): mysqli->query()
 2 SYSTEMPATH/Database/BaseConnection.php(693): CodeIgniter\Database\MySQLi\Connection->execute()
 3 SYSTEMPATH/Database/BaseConnection.php(607): CodeIgniter\Database\BaseConnection->simpleQuery()
 4 APPPATH/Models/BaseDatos.php(46): CodeIgniter\Database\BaseConnection->query()
 5 APPPATH/Models/Master.php(49): App\Models\BaseDatos->setNegocio()
 6 APPPATH/Controllers/Home.php(145): App\Models\Master->setNegocio()
 7 SYSTEMPATH/CodeIgniter.php(941): App\Controllers\Home->setNegocio()
 8 SYSTEMPATH/CodeIgniter.php(502): CodeIgniter\CodeIgniter->runController()
 9 SYSTEMPATH/CodeIgniter.php(361): CodeIgniter\CodeIgniter->handleRequest()
10 FCPATH/index.php(79): CodeIgniter\CodeIgniter->run()
ERROR - 2024-03-30 18:25:58 --> mysqli_sql_exception: You have an error in your SQL syntax; check the manual that corresponds to your MariaDB server version for the right syntax to use near ':telefono_negocio, ':fotos', ':foto_principal', ':coordenadas', ':sitio_web',...' at line 1 in /home/u866861647/domains/verifyreviews.es/public_html/verifyreviews/system/Database/MySQLi/Connection.php:306
Stack trace:
#0 /home/u866861647/domains/verifyreviews.es/public_html/verifyreviews/system/Database/MySQLi/Connection.php(306): mysqli->query()
#1 /home/u866861647/domains/verifyreviews.es/public_html/verifyreviews/system/Database/BaseConnection.php(693): CodeIgniter\Database\MySQLi\Connection->execute()
#2 /home/u866861647/domains/verifyreviews.es/public_html/verifyreviews/system/Database/BaseConnection.php(607): CodeIgniter\Database\BaseConnection->simpleQuery()
#3 /home/u866861647/domains/verifyreviews.es/public_html/verifyreviews/app/Models/BaseDatos.php(47): CodeIgniter\Database\BaseConnection->query()
#4 /home/u866861647/domains/verifyreviews.es/public_html/verifyreviews/app/Models/Master.php(49): App\Models\BaseDatos->setNegocio()
#5 /home/u866861647/domains/verifyreviews.es/public_html/verifyreviews/app/Controllers/Home.php(145): App\Models\Master->setNegocio()
#6 /home/u866861647/domains/verifyreviews.es/public_html/verifyreviews/system/CodeIgniter.php(941): App\Controllers\Home->setNegocio()
#7 /home/u866861647/domains/verifyreviews.es/public_html/verifyreviews/system/CodeIgniter.php(502): CodeIgniter\CodeIgniter->runController()
#8 /home/u866861647/domains/verifyreviews.es/public_html/verifyreviews/system/CodeIgniter.php(361): CodeIgniter\CodeIgniter->handleRequest()
#9 /home/u866861647/domains/verifyreviews.es/public_html/verifyreviews/public/index.php(79): CodeIgniter\CodeIgniter->run()
#10 {main}
CRITICAL - 2024-03-30 18:25:58 --> CodeIgniter\Database\Exceptions\DatabaseException: You have an error in your SQL syntax; check the manual that corresponds to your MariaDB server version for the right syntax to use near ':telefono_negocio, ':fotos', ':foto_principal', ':coordenadas', ':sitio_web',...' at line 1
in SYSTEMPATH/Database/BaseConnection.php on line 647.
 1 APPPATH/Models/BaseDatos.php(47): CodeIgniter\Database\BaseConnection->query()
 2 APPPATH/Models/Master.php(49): App\Models\BaseDatos->setNegocio()
 3 APPPATH/Controllers/Home.php(145): App\Models\Master->setNegocio()
 4 SYSTEMPATH/CodeIgniter.php(941): App\Controllers\Home->setNegocio()
 5 SYSTEMPATH/CodeIgniter.php(502): CodeIgniter\CodeIgniter->runController()
 6 SYSTEMPATH/CodeIgniter.php(361): CodeIgniter\CodeIgniter->handleRequest()
 7 FCPATH/index.php(79): CodeIgniter\CodeIgniter->run()
CRITICAL - 2024-03-30 18:25:58 --> [Caused by] CodeIgniter\Database\Exceptions\DatabaseException: You have an error in your SQL syntax; check the manual that corresponds to your MariaDB server version for the right syntax to use near ':telefono_negocio, ':fotos', ':foto_principal', ':coordenadas', ':sitio_web',...' at line 1
in SYSTEMPATH/Database/MySQLi/Connection.php on line 311.
 1 SYSTEMPATH/Database/BaseConnection.php(693): CodeIgniter\Database\MySQLi\Connection->execute()
 2 SYSTEMPATH/Database/BaseConnection.php(607): CodeIgniter\Database\BaseConnection->simpleQuery()
 3 APPPATH/Models/BaseDatos.php(47): CodeIgniter\Database\BaseConnection->query()
 4 APPPATH/Models/Master.php(49): App\Models\BaseDatos->setNegocio()
 5 APPPATH/Controllers/Home.php(145): App\Models\Master->setNegocio()
 6 SYSTEMPATH/CodeIgniter.php(941): App\Controllers\Home->setNegocio()
 7 SYSTEMPATH/CodeIgniter.php(502): CodeIgniter\CodeIgniter->runController()
 8 SYSTEMPATH/CodeIgniter.php(361): CodeIgniter\CodeIgniter->handleRequest()
 9 FCPATH/index.php(79): CodeIgniter\CodeIgniter->run()
CRITICAL - 2024-03-30 18:25:58 --> [Caused by] mysqli_sql_exception: You have an error in your SQL syntax; check the manual that corresponds to your MariaDB server version for the right syntax to use near ':telefono_negocio, ':fotos', ':foto_principal', ':coordenadas', ':sitio_web',...' at line 1
in SYSTEMPATH/Database/MySQLi/Connection.php on line 306.
 1 SYSTEMPATH/Database/MySQLi/Connection.php(306): mysqli->query()
 2 SYSTEMPATH/Database/BaseConnection.php(693): CodeIgniter\Database\MySQLi\Connection->execute()
 3 SYSTEMPATH/Database/BaseConnection.php(607): CodeIgniter\Database\BaseConnection->simpleQuery()
 4 APPPATH/Models/BaseDatos.php(47): CodeIgniter\Database\BaseConnection->query()
 5 APPPATH/Models/Master.php(49): App\Models\BaseDatos->setNegocio()
 6 APPPATH/Controllers/Home.php(145): App\Models\Master->setNegocio()
 7 SYSTEMPATH/CodeIgniter.php(941): App\Controllers\Home->setNegocio()
 8 SYSTEMPATH/CodeIgniter.php(502): CodeIgniter\CodeIgniter->runController()
 9 SYSTEMPATH/CodeIgniter.php(361): CodeIgniter\CodeIgniter->handleRequest()
10 FCPATH/index.php(79): CodeIgniter\CodeIgniter->run()
ERROR - 2024-03-30 18:29:46 --> mysqli_sql_exception: You have an error in your SQL syntax; check the manual that corresponds to your MariaDB server version for the right syntax to use near ':telefono_negocio, ':fotos', ':foto_principal', ':coordenadas', ':sitio_web',...' at line 1 in /home/u866861647/domains/verifyreviews.es/public_html/verifyreviews/system/Database/MySQLi/Connection.php:306
Stack trace:
#0 /home/u866861647/domains/verifyreviews.es/public_html/verifyreviews/system/Database/MySQLi/Connection.php(306): mysqli->query()
#1 /home/u866861647/domains/verifyreviews.es/public_html/verifyreviews/system/Database/BaseConnection.php(693): CodeIgniter\Database\MySQLi\Connection->execute()
#2 /home/u866861647/domains/verifyreviews.es/public_html/verifyreviews/system/Database/BaseConnection.php(607): CodeIgniter\Database\BaseConnection->simpleQuery()
#3 /home/u866861647/domains/verifyreviews.es/public_html/verifyreviews/app/Models/BaseDatos.php(47): CodeIgniter\Database\BaseConnection->query()
#4 /home/u866861647/domains/verifyreviews.es/public_html/verifyreviews/app/Controllers/Home.php(145): App\Models\BaseDatos->setNegocio()
#5 /home/u866861647/domains/verifyreviews.es/public_html/verifyreviews/system/CodeIgniter.php(941): App\Controllers\Home->setNegocio()
#6 /home/u866861647/domains/verifyreviews.es/public_html/verifyreviews/system/CodeIgniter.php(502): CodeIgniter\CodeIgniter->runController()
#7 /home/u866861647/domains/verifyreviews.es/public_html/verifyreviews/system/CodeIgniter.php(361): CodeIgniter\CodeIgniter->handleRequest()
#8 /home/u866861647/domains/verifyreviews.es/public_html/verifyreviews/public/index.php(79): CodeIgniter\CodeIgniter->run()
#9 {main}
CRITICAL - 2024-03-30 18:29:46 --> CodeIgniter\Database\Exceptions\DatabaseException: You have an error in your SQL syntax; check the manual that corresponds to your MariaDB server version for the right syntax to use near ':telefono_negocio, ':fotos', ':foto_principal', ':coordenadas', ':sitio_web',...' at line 1
in SYSTEMPATH/Database/BaseConnection.php on line 647.
 1 APPPATH/Models/BaseDatos.php(47): CodeIgniter\Database\BaseConnection->query()
 2 APPPATH/Controllers/Home.php(145): App\Models\BaseDatos->setNegocio()
 3 SYSTEMPATH/CodeIgniter.php(941): App\Controllers\Home->setNegocio()
 4 SYSTEMPATH/CodeIgniter.php(502): CodeIgniter\CodeIgniter->runController()
 5 SYSTEMPATH/CodeIgniter.php(361): CodeIgniter\CodeIgniter->handleRequest()
 6 FCPATH/index.php(79): CodeIgniter\CodeIgniter->run()
CRITICAL - 2024-03-30 18:29:46 --> [Caused by] CodeIgniter\Database\Exceptions\DatabaseException: You have an error in your SQL syntax; check the manual that corresponds to your MariaDB server version for the right syntax to use near ':telefono_negocio, ':fotos', ':foto_principal', ':coordenadas', ':sitio_web',...' at line 1
in SYSTEMPATH/Database/MySQLi/Connection.php on line 311.
 1 SYSTEMPATH/Database/BaseConnection.php(693): CodeIgniter\Database\MySQLi\Connection->execute()
 2 SYSTEMPATH/Database/BaseConnection.php(607): CodeIgniter\Database\BaseConnection->simpleQuery()
 3 APPPATH/Models/BaseDatos.php(47): CodeIgniter\Database\BaseConnection->query()
 4 APPPATH/Controllers/Home.php(145): App\Models\BaseDatos->setNegocio()
 5 SYSTEMPATH/CodeIgniter.php(941): App\Controllers\Home->setNegocio()
 6 SYSTEMPATH/CodeIgniter.php(502): CodeIgniter\CodeIgniter->runController()
 7 SYSTEMPATH/CodeIgniter.php(361): CodeIgniter\CodeIgniter->handleRequest()
 8 FCPATH/index.php(79): CodeIgniter\CodeIgniter->run()
CRITICAL - 2024-03-30 18:29:46 --> [Caused by] mysqli_sql_exception: You have an error in your SQL syntax; check the manual that corresponds to your MariaDB server version for the right syntax to use near ':telefono_negocio, ':fotos', ':foto_principal', ':coordenadas', ':sitio_web',...' at line 1
in SYSTEMPATH/Database/MySQLi/Connection.php on line 306.
 1 SYSTEMPATH/Database/MySQLi/Connection.php(306): mysqli->query()
 2 SYSTEMPATH/Database/BaseConnection.php(693): CodeIgniter\Database\MySQLi\Connection->execute()
 3 SYSTEMPATH/Database/BaseConnection.php(607): CodeIgniter\Database\BaseConnection->simpleQuery()
 4 APPPATH/Models/BaseDatos.php(47): CodeIgniter\Database\BaseConnection->query()
 5 APPPATH/Controllers/Home.php(145): App\Models\BaseDatos->setNegocio()
 6 SYSTEMPATH/CodeIgniter.php(941): App\Controllers\Home->setNegocio()
 7 SYSTEMPATH/CodeIgniter.php(502): CodeIgniter\CodeIgniter->runController()
 8 SYSTEMPATH/CodeIgniter.php(361): CodeIgniter\CodeIgniter->handleRequest()
 9 FCPATH/index.php(79): CodeIgniter\CodeIgniter->run()
ERROR - 2024-03-30 18:36:40 --> mysqli_sql_exception: You have an error in your SQL syntax; check the manual that corresponds to your MariaDB server version for the right syntax to use near ':nombre, :email, :calle, :ciudad, :pais, :telefono_negocio, :fotos, :foto_pri...' at line 1 in /home/u866861647/domains/verifyreviews.es/public_html/verifyreviews/system/Database/MySQLi/Connection.php:306
Stack trace:
#0 /home/u866861647/domains/verifyreviews.es/public_html/verifyreviews/system/Database/MySQLi/Connection.php(306): mysqli->query()
#1 /home/u866861647/domains/verifyreviews.es/public_html/verifyreviews/system/Database/BaseConnection.php(693): CodeIgniter\Database\MySQLi\Connection->execute()
#2 /home/u866861647/domains/verifyreviews.es/public_html/verifyreviews/system/Database/BaseConnection.php(607): CodeIgniter\Database\BaseConnection->simpleQuery()
#3 /home/u866861647/domains/verifyreviews.es/public_html/verifyreviews/app/Models/BaseDatos.php(51): CodeIgniter\Database\BaseConnection->query()
#4 /home/u866861647/domains/verifyreviews.es/public_html/verifyreviews/app/Controllers/Home.php(145): App\Models\BaseDatos->setNegocio()
#5 /home/u866861647/domains/verifyreviews.es/public_html/verifyreviews/system/CodeIgniter.php(941): App\Controllers\Home->setNegocio()
#6 /home/u866861647/domains/verifyreviews.es/public_html/verifyreviews/system/CodeIgniter.php(502): CodeIgniter\CodeIgniter->runController()
#7 /home/u866861647/domains/verifyreviews.es/public_html/verifyreviews/system/CodeIgniter.php(361): CodeIgniter\CodeIgniter->handleRequest()
#8 /home/u866861647/domains/verifyreviews.es/public_html/verifyreviews/public/index.php(79): CodeIgniter\CodeIgniter->run()
#9 {main}
CRITICAL - 2024-03-30 18:36:40 --> CodeIgniter\Database\Exceptions\DatabaseException: You have an error in your SQL syntax; check the manual that corresponds to your MariaDB server version for the right syntax to use near ':nombre, :email, :calle, :ciudad, :pais, :telefono_negocio, :fotos, :foto_pri...' at line 1
in SYSTEMPATH/Database/BaseConnection.php on line 647.
 1 APPPATH/Models/BaseDatos.php(51): CodeIgniter\Database\BaseConnection->query()
 2 APPPATH/Controllers/Home.php(145): App\Models\BaseDatos->setNegocio()
 3 SYSTEMPATH/CodeIgniter.php(941): App\Controllers\Home->setNegocio()
 4 SYSTEMPATH/CodeIgniter.php(502): CodeIgniter\CodeIgniter->runController()
 5 SYSTEMPATH/CodeIgniter.php(361): CodeIgniter\CodeIgniter->handleRequest()
 6 FCPATH/index.php(79): CodeIgniter\CodeIgniter->run()
CRITICAL - 2024-03-30 18:36:40 --> [Caused by] CodeIgniter\Database\Exceptions\DatabaseException: You have an error in your SQL syntax; check the manual that corresponds to your MariaDB server version for the right syntax to use near ':nombre, :email, :calle, :ciudad, :pais, :telefono_negocio, :fotos, :foto_pri...' at line 1
in SYSTEMPATH/Database/MySQLi/Connection.php on line 311.
 1 SYSTEMPATH/Database/BaseConnection.php(693): CodeIgniter\Database\MySQLi\Connection->execute()
 2 SYSTEMPATH/Database/BaseConnection.php(607): CodeIgniter\Database\BaseConnection->simpleQuery()
 3 APPPATH/Models/BaseDatos.php(51): CodeIgniter\Database\BaseConnection->query()
 4 APPPATH/Controllers/Home.php(145): App\Models\BaseDatos->setNegocio()
 5 SYSTEMPATH/CodeIgniter.php(941): App\Controllers\Home->setNegocio()
 6 SYSTEMPATH/CodeIgniter.php(502): CodeIgniter\CodeIgniter->runController()
 7 SYSTEMPATH/CodeIgniter.php(361): CodeIgniter\CodeIgniter->handleRequest()
 8 FCPATH/index.php(79): CodeIgniter\CodeIgniter->run()
CRITICAL - 2024-03-30 18:36:40 --> [Caused by] mysqli_sql_exception: You have an error in your SQL syntax; check the manual that corresponds to your MariaDB server version for the right syntax to use near ':nombre, :email, :calle, :ciudad, :pais, :telefono_negocio, :fotos, :foto_pri...' at line 1
in SYSTEMPATH/Database/MySQLi/Connection.php on line 306.
 1 SYSTEMPATH/Database/MySQLi/Connection.php(306): mysqli->query()
 2 SYSTEMPATH/Database/BaseConnection.php(693): CodeIgniter\Database\MySQLi\Connection->execute()
 3 SYSTEMPATH/Database/BaseConnection.php(607): CodeIgniter\Database\BaseConnection->simpleQuery()
 4 APPPATH/Models/BaseDatos.php(51): CodeIgniter\Database\BaseConnection->query()
 5 APPPATH/Controllers/Home.php(145): App\Models\BaseDatos->setNegocio()
 6 SYSTEMPATH/CodeIgniter.php(941): App\Controllers\Home->setNegocio()
 7 SYSTEMPATH/CodeIgniter.php(502): CodeIgniter\CodeIgniter->runController()
 8 SYSTEMPATH/CodeIgniter.php(361): CodeIgniter\CodeIgniter->handleRequest()
 9 FCPATH/index.php(79): CodeIgniter\CodeIgniter->run()
