ERROR - 2024-04-02 07:57:06 --> mysqli_sql_exception: Table 'u866861647_verifyreviews.usuario' doesn't exist in /home/u866861647/domains/verifyreviews.es/public_html/verifyreviews/system/Database/MySQLi/Connection.php:306
Stack trace:
#0 /home/u866861647/domains/verifyreviews.es/public_html/verifyreviews/system/Database/MySQLi/Connection.php(306): mysqli->query()
#1 /home/u866861647/domains/verifyreviews.es/public_html/verifyreviews/system/Database/BaseConnection.php(693): CodeIgniter\Database\MySQLi\Connection->execute()
#2 /home/u866861647/domains/verifyreviews.es/public_html/verifyreviews/system/Database/BaseConnection.php(607): CodeIgniter\Database\BaseConnection->simpleQuery()
#3 /home/u866861647/domains/verifyreviews.es/public_html/verifyreviews/app/Models/BaseDatos.php(102): CodeIgniter\Database\BaseConnection->query()
#4 /home/u866861647/domains/verifyreviews.es/public_html/verifyreviews/app/Controllers/Home.php(327): App\Models\BaseDatos->comprobarEmail()
#5 /home/u866861647/domains/verifyreviews.es/public_html/verifyreviews/system/CodeIgniter.php(941): App\Controllers\Home->setLogin()
#6 /home/u866861647/domains/verifyreviews.es/public_html/verifyreviews/system/CodeIgniter.php(502): CodeIgniter\CodeIgniter->runController()
#7 /home/u866861647/domains/verifyreviews.es/public_html/verifyreviews/system/CodeIgniter.php(361): CodeIgniter\CodeIgniter->handleRequest()
#8 /home/u866861647/domains/verifyreviews.es/public_html/verifyreviews/public/index.php(79): CodeIgniter\CodeIgniter->run()
#9 {main}
CRITICAL - 2024-04-02 07:57:06 --> CodeIgniter\Database\Exceptions\DatabaseException: Table 'u866861647_verifyreviews.usuario' doesn't exist
in SYSTEMPATH/Database/BaseConnection.php on line 647.
 1 APPPATH/Models/BaseDatos.php(102): CodeIgniter\Database\BaseConnection->query()
 2 APPPATH/Controllers/Home.php(327): App\Models\BaseDatos->comprobarEmail()
 3 SYSTEMPATH/CodeIgniter.php(941): App\Controllers\Home->setLogin()
 4 SYSTEMPATH/CodeIgniter.php(502): CodeIgniter\CodeIgniter->runController()
 5 SYSTEMPATH/CodeIgniter.php(361): CodeIgniter\CodeIgniter->handleRequest()
 6 FCPATH/index.php(79): CodeIgniter\CodeIgniter->run()
CRITICAL - 2024-04-02 07:57:06 --> [Caused by] CodeIgniter\Database\Exceptions\DatabaseException: Table 'u866861647_verifyreviews.usuario' doesn't exist
in SYSTEMPATH/Database/MySQLi/Connection.php on line 311.
 1 SYSTEMPATH/Database/BaseConnection.php(693): CodeIgniter\Database\MySQLi\Connection->execute()
 2 SYSTEMPATH/Database/BaseConnection.php(607): CodeIgniter\Database\BaseConnection->simpleQuery()
 3 APPPATH/Models/BaseDatos.php(102): CodeIgniter\Database\BaseConnection->query()
 4 APPPATH/Controllers/Home.php(327): App\Models\BaseDatos->comprobarEmail()
 5 SYSTEMPATH/CodeIgniter.php(941): App\Controllers\Home->setLogin()
 6 SYSTEMPATH/CodeIgniter.php(502): CodeIgniter\CodeIgniter->runController()
 7 SYSTEMPATH/CodeIgniter.php(361): CodeIgniter\CodeIgniter->handleRequest()
 8 FCPATH/index.php(79): CodeIgniter\CodeIgniter->run()
CRITICAL - 2024-04-02 07:57:06 --> [Caused by] mysqli_sql_exception: Table 'u866861647_verifyreviews.usuario' doesn't exist
in SYSTEMPATH/Database/MySQLi/Connection.php on line 306.
 1 SYSTEMPATH/Database/MySQLi/Connection.php(306): mysqli->query()
 2 SYSTEMPATH/Database/BaseConnection.php(693): CodeIgniter\Database\MySQLi\Connection->execute()
 3 SYSTEMPATH/Database/BaseConnection.php(607): CodeIgniter\Database\BaseConnection->simpleQuery()
 4 APPPATH/Models/BaseDatos.php(102): CodeIgniter\Database\BaseConnection->query()
 5 APPPATH/Controllers/Home.php(327): App\Models\BaseDatos->comprobarEmail()
 6 SYSTEMPATH/CodeIgniter.php(941): App\Controllers\Home->setLogin()
 7 SYSTEMPATH/CodeIgniter.php(502): CodeIgniter\CodeIgniter->runController()
 8 SYSTEMPATH/CodeIgniter.php(361): CodeIgniter\CodeIgniter->handleRequest()
 9 FCPATH/index.php(79): CodeIgniter\CodeIgniter->run()
ERROR - 2024-04-02 07:57:41 --> mysqli_sql_exception: Table 'u866861647_verifyreviews.usuario' doesn't exist in /home/u866861647/domains/verifyreviews.es/public_html/verifyreviews/system/Database/MySQLi/Connection.php:306
Stack trace:
#0 /home/u866861647/domains/verifyreviews.es/public_html/verifyreviews/system/Database/MySQLi/Connection.php(306): mysqli->query()
#1 /home/u866861647/domains/verifyreviews.es/public_html/verifyreviews/system/Database/BaseConnection.php(693): CodeIgniter\Database\MySQLi\Connection->execute()
#2 /home/u866861647/domains/verifyreviews.es/public_html/verifyreviews/system/Database/BaseConnection.php(607): CodeIgniter\Database\BaseConnection->simpleQuery()
#3 /home/u866861647/domains/verifyreviews.es/public_html/verifyreviews/app/Models/BaseDatos.php(102): CodeIgniter\Database\BaseConnection->query()
#4 /home/u866861647/domains/verifyreviews.es/public_html/verifyreviews/app/Controllers/Home.php(327): App\Models\BaseDatos->comprobarEmail()
#5 /home/u866861647/domains/verifyreviews.es/public_html/verifyreviews/system/CodeIgniter.php(941): App\Controllers\Home->setLogin()
#6 /home/u866861647/domains/verifyreviews.es/public_html/verifyreviews/system/CodeIgniter.php(502): CodeIgniter\CodeIgniter->runController()
#7 /home/u866861647/domains/verifyreviews.es/public_html/verifyreviews/system/CodeIgniter.php(361): CodeIgniter\CodeIgniter->handleRequest()
#8 /home/u866861647/domains/verifyreviews.es/public_html/verifyreviews/public/index.php(79): CodeIgniter\CodeIgniter->run()
#9 {main}
CRITICAL - 2024-04-02 07:57:41 --> CodeIgniter\Database\Exceptions\DatabaseException: Table 'u866861647_verifyreviews.usuario' doesn't exist
in SYSTEMPATH/Database/BaseConnection.php on line 647.
 1 APPPATH/Models/BaseDatos.php(102): CodeIgniter\Database\BaseConnection->query()
 2 APPPATH/Controllers/Home.php(327): App\Models\BaseDatos->comprobarEmail()
 3 SYSTEMPATH/CodeIgniter.php(941): App\Controllers\Home->setLogin()
 4 SYSTEMPATH/CodeIgniter.php(502): CodeIgniter\CodeIgniter->runController()
 5 SYSTEMPATH/CodeIgniter.php(361): CodeIgniter\CodeIgniter->handleRequest()
 6 FCPATH/index.php(79): CodeIgniter\CodeIgniter->run()
CRITICAL - 2024-04-02 07:57:41 --> [Caused by] CodeIgniter\Database\Exceptions\DatabaseException: Table 'u866861647_verifyreviews.usuario' doesn't exist
in SYSTEMPATH/Database/MySQLi/Connection.php on line 311.
 1 SYSTEMPATH/Database/BaseConnection.php(693): CodeIgniter\Database\MySQLi\Connection->execute()
 2 SYSTEMPATH/Database/BaseConnection.php(607): CodeIgniter\Database\BaseConnection->simpleQuery()
 3 APPPATH/Models/BaseDatos.php(102): CodeIgniter\Database\BaseConnection->query()
 4 APPPATH/Controllers/Home.php(327): App\Models\BaseDatos->comprobarEmail()
 5 SYSTEMPATH/CodeIgniter.php(941): App\Controllers\Home->setLogin()
 6 SYSTEMPATH/CodeIgniter.php(502): CodeIgniter\CodeIgniter->runController()
 7 SYSTEMPATH/CodeIgniter.php(361): CodeIgniter\CodeIgniter->handleRequest()
 8 FCPATH/index.php(79): CodeIgniter\CodeIgniter->run()
CRITICAL - 2024-04-02 07:57:41 --> [Caused by] mysqli_sql_exception: Table 'u866861647_verifyreviews.usuario' doesn't exist
in SYSTEMPATH/Database/MySQLi/Connection.php on line 306.
 1 SYSTEMPATH/Database/MySQLi/Connection.php(306): mysqli->query()
 2 SYSTEMPATH/Database/BaseConnection.php(693): CodeIgniter\Database\MySQLi\Connection->execute()
 3 SYSTEMPATH/Database/BaseConnection.php(607): CodeIgniter\Database\BaseConnection->simpleQuery()
 4 APPPATH/Models/BaseDatos.php(102): CodeIgniter\Database\BaseConnection->query()
 5 APPPATH/Controllers/Home.php(327): App\Models\BaseDatos->comprobarEmail()
 6 SYSTEMPATH/CodeIgniter.php(941): App\Controllers\Home->setLogin()
 7 SYSTEMPATH/CodeIgniter.php(502): CodeIgniter\CodeIgniter->runController()
 8 SYSTEMPATH/CodeIgniter.php(361): CodeIgniter\CodeIgniter->handleRequest()
 9 FCPATH/index.php(79): CodeIgniter\CodeIgniter->run()
INFO - 2024-04-02 08:54:36 --> Session: Class initialized using 'CodeIgniter\Session\Handlers\FileHandler' driver.
INFO - 2024-04-02 08:54:39 --> Session: Class initialized using 'CodeIgniter\Session\Handlers\FileHandler' driver.
INFO - 2024-04-02 08:55:18 --> Session: Class initialized using 'CodeIgniter\Session\Handlers\FileHandler' driver.
INFO - 2024-04-02 08:55:40 --> Session: Class initialized using 'CodeIgniter\Session\Handlers\FileHandler' driver.
INFO - 2024-04-02 08:55:56 --> Session: Class initialized using 'CodeIgniter\Session\Handlers\FileHandler' driver.
INFO - 2024-04-02 08:56:25 --> Session: Class initialized using 'CodeIgniter\Session\Handlers\FileHandler' driver.
INFO - 2024-04-02 08:56:31 --> Session: Class initialized using 'CodeIgniter\Session\Handlers\FileHandler' driver.
INFO - 2024-04-02 09:00:16 --> Session: Class initialized using 'CodeIgniter\Session\Handlers\FileHandler' driver.
INFO - 2024-04-02 09:00:18 --> Session: Class initialized using 'CodeIgniter\Session\Handlers\FileHandler' driver.
INFO - 2024-04-02 09:00:19 --> Session: Class initialized using 'CodeIgniter\Session\Handlers\FileHandler' driver.
INFO - 2024-04-02 09:00:35 --> Session: Class initialized using 'CodeIgniter\Session\Handlers\FileHandler' driver.
INFO - 2024-04-02 09:00:36 --> Session: Class initialized using 'CodeIgniter\Session\Handlers\FileHandler' driver.
INFO - 2024-04-02 09:00:56 --> Session: Class initialized using 'CodeIgniter\Session\Handlers\FileHandler' driver.
CRITICAL - 2024-04-02 09:00:56 --> ErrorException: Undefined variable $session
in APPPATH/Views/login.php on line 5.
 1 APPPATH/Views/login.php(5): CodeIgniter\Debug\Exceptions->errorHandler()
 2 SYSTEMPATH/View/View.php(228): include('/home/u866861647/domains/verifyreviews.es/public_html/verifyreviews/app/Views/login.php')
 3 SYSTEMPATH/View/View.php(231): CodeIgniter\View\View->CodeIgniter\View\{closure}()
 4 SYSTEMPATH/Common.php(1178): CodeIgniter\View\View->render()
 5 APPPATH/Controllers/Home.php(314): view()
 6 SYSTEMPATH/CodeIgniter.php(941): App\Controllers\Home->vistaLogin()
 7 SYSTEMPATH/CodeIgniter.php(502): CodeIgniter\CodeIgniter->runController()
 8 SYSTEMPATH/CodeIgniter.php(361): CodeIgniter\CodeIgniter->handleRequest()
 9 FCPATH/index.php(79): CodeIgniter\CodeIgniter->run()
INFO - 2024-04-02 09:02:17 --> Session: Class initialized using 'CodeIgniter\Session\Handlers\FileHandler' driver.
INFO - 2024-04-02 09:02:36 --> Session: Class initialized using 'CodeIgniter\Session\Handlers\FileHandler' driver.
INFO - 2024-04-02 09:03:25 --> Session: Class initialized using 'CodeIgniter\Session\Handlers\FileHandler' driver.
INFO - 2024-04-02 09:03:31 --> Session: Class initialized using 'CodeIgniter\Session\Handlers\FileHandler' driver.
INFO - 2024-04-02 09:03:51 --> Session: Class initialized using 'CodeIgniter\Session\Handlers\FileHandler' driver.
INFO - 2024-04-02 09:06:53 --> Session: Class initialized using 'CodeIgniter\Session\Handlers\FileHandler' driver.
INFO - 2024-04-02 09:06:56 --> Session: Class initialized using 'CodeIgniter\Session\Handlers\FileHandler' driver.
INFO - 2024-04-02 09:07:45 --> Session: Class initialized using 'CodeIgniter\Session\Handlers\FileHandler' driver.
INFO - 2024-04-02 09:09:25 --> Session: Class initialized using 'CodeIgniter\Session\Handlers\FileHandler' driver.
INFO - 2024-04-02 09:09:32 --> Session: Class initialized using 'CodeIgniter\Session\Handlers\FileHandler' driver.
INFO - 2024-04-02 09:09:48 --> Session: Class initialized using 'CodeIgniter\Session\Handlers\FileHandler' driver.
INFO - 2024-04-02 09:11:19 --> Session: Class initialized using 'CodeIgniter\Session\Handlers\FileHandler' driver.
INFO - 2024-04-02 09:11:30 --> Session: Class initialized using 'CodeIgniter\Session\Handlers\FileHandler' driver.
INFO - 2024-04-02 09:11:47 --> Session: Class initialized using 'CodeIgniter\Session\Handlers\FileHandler' driver.
INFO - 2024-04-02 09:12:38 --> Session: Class initialized using 'CodeIgniter\Session\Handlers\FileHandler' driver.
INFO - 2024-04-02 09:12:47 --> Session: Class initialized using 'CodeIgniter\Session\Handlers\FileHandler' driver.
INFO - 2024-04-02 09:13:03 --> Session: Class initialized using 'CodeIgniter\Session\Handlers\FileHandler' driver.
INFO - 2024-04-02 09:13:53 --> Session: Class initialized using 'CodeIgniter\Session\Handlers\FileHandler' driver.
INFO - 2024-04-02 09:13:56 --> Session: Class initialized using 'CodeIgniter\Session\Handlers\FileHandler' driver.
INFO - 2024-04-02 09:13:56 --> Session: Class initialized using 'CodeIgniter\Session\Handlers\FileHandler' driver.
INFO - 2024-04-02 09:13:58 --> Session: Class initialized using 'CodeIgniter\Session\Handlers\FileHandler' driver.
INFO - 2024-04-02 09:14:16 --> Session: Class initialized using 'CodeIgniter\Session\Handlers\FileHandler' driver.
INFO - 2024-04-02 09:19:09 --> Session: Class initialized using 'CodeIgniter\Session\Handlers\FileHandler' driver.
INFO - 2024-04-02 09:19:14 --> Session: Class initialized using 'CodeIgniter\Session\Handlers\FileHandler' driver.
INFO - 2024-04-02 09:19:17 --> Session: Class initialized using 'CodeIgniter\Session\Handlers\FileHandler' driver.
INFO - 2024-04-02 09:20:19 --> Session: Class initialized using 'CodeIgniter\Session\Handlers\FileHandler' driver.
INFO - 2024-04-02 09:21:59 --> Session: Class initialized using 'CodeIgniter\Session\Handlers\FileHandler' driver.
INFO - 2024-04-02 09:22:07 --> Session: Class initialized using 'CodeIgniter\Session\Handlers\FileHandler' driver.
INFO - 2024-04-02 09:22:09 --> Session: Class initialized using 'CodeIgniter\Session\Handlers\FileHandler' driver.
INFO - 2024-04-02 09:22:29 --> Session: Class initialized using 'CodeIgniter\Session\Handlers\FileHandler' driver.
INFO - 2024-04-02 09:22:50 --> Session: Class initialized using 'CodeIgniter\Session\Handlers\FileHandler' driver.
INFO - 2024-04-02 09:22:53 --> Session: Class initialized using 'CodeIgniter\Session\Handlers\FileHandler' driver.
INFO - 2024-04-02 09:23:11 --> Session: Class initialized using 'CodeIgniter\Session\Handlers\FileHandler' driver.
INFO - 2024-04-02 09:23:17 --> Session: Class initialized using 'CodeIgniter\Session\Handlers\FileHandler' driver.
INFO - 2024-04-02 09:24:35 --> Session: Class initialized using 'CodeIgniter\Session\Handlers\FileHandler' driver.
INFO - 2024-04-02 09:24:53 --> Session: Class initialized using 'CodeIgniter\Session\Handlers\FileHandler' driver.
INFO - 2024-04-02 09:27:21 --> Session: Class initialized using 'CodeIgniter\Session\Handlers\FileHandler' driver.
INFO - 2024-04-02 09:27:23 --> Session: Class initialized using 'CodeIgniter\Session\Handlers\FileHandler' driver.
INFO - 2024-04-02 09:27:43 --> Session: Class initialized using 'CodeIgniter\Session\Handlers\FileHandler' driver.
INFO - 2024-04-02 09:29:16 --> Session: Class initialized using 'CodeIgniter\Session\Handlers\FileHandler' driver.
INFO - 2024-04-02 09:29:35 --> Session: Class initialized using 'CodeIgniter\Session\Handlers\FileHandler' driver.
INFO - 2024-04-02 09:36:39 --> Session: Class initialized using 'CodeIgniter\Session\Handlers\FileHandler' driver.
INFO - 2024-04-02 09:36:41 --> Session: Class initialized using 'CodeIgniter\Session\Handlers\FileHandler' driver.
INFO - 2024-04-02 09:37:01 --> Session: Class initialized using 'CodeIgniter\Session\Handlers\FileHandler' driver.
INFO - 2024-04-02 09:38:38 --> Session: Class initialized using 'CodeIgniter\Session\Handlers\FileHandler' driver.
ERROR - 2024-04-02 09:39:00 --> mysqli_sql_exception: Table 'u866861647_verifyreviews.usuario' doesn't exist in /home/u866861647/domains/verifyreviews.es/public_html/verifyreviews/system/Database/MySQLi/Connection.php:306
Stack trace:
#0 /home/u866861647/domains/verifyreviews.es/public_html/verifyreviews/system/Database/MySQLi/Connection.php(306): mysqli->query()
#1 /home/u866861647/domains/verifyreviews.es/public_html/verifyreviews/system/Database/BaseConnection.php(693): CodeIgniter\Database\MySQLi\Connection->execute()
#2 /home/u866861647/domains/verifyreviews.es/public_html/verifyreviews/system/Database/BaseConnection.php(607): CodeIgniter\Database\BaseConnection->simpleQuery()
#3 /home/u866861647/domains/verifyreviews.es/public_html/verifyreviews/app/Models/BaseDatos.php(120): CodeIgniter\Database\BaseConnection->query()
#4 /home/u866861647/domains/verifyreviews.es/public_html/verifyreviews/app/Controllers/Home.php(333): App\Models\BaseDatos->getHashContrasena()
#5 /home/u866861647/domains/verifyreviews.es/public_html/verifyreviews/system/CodeIgniter.php(941): App\Controllers\Home->setLogin()
#6 /home/u866861647/domains/verifyreviews.es/public_html/verifyreviews/system/CodeIgniter.php(502): CodeIgniter\CodeIgniter->runController()
#7 /home/u866861647/domains/verifyreviews.es/public_html/verifyreviews/system/CodeIgniter.php(361): CodeIgniter\CodeIgniter->handleRequest()
#8 /home/u866861647/domains/verifyreviews.es/public_html/verifyreviews/public/index.php(79): CodeIgniter\CodeIgniter->run()
#9 {main}
CRITICAL - 2024-04-02 09:39:00 --> CodeIgniter\Database\Exceptions\DatabaseException: Table 'u866861647_verifyreviews.usuario' doesn't exist
in SYSTEMPATH/Database/BaseConnection.php on line 647.
 1 APPPATH/Models/BaseDatos.php(120): CodeIgniter\Database\BaseConnection->query()
 2 APPPATH/Controllers/Home.php(333): App\Models\BaseDatos->getHashContrasena()
 3 SYSTEMPATH/CodeIgniter.php(941): App\Controllers\Home->setLogin()
 4 SYSTEMPATH/CodeIgniter.php(502): CodeIgniter\CodeIgniter->runController()
 5 SYSTEMPATH/CodeIgniter.php(361): CodeIgniter\CodeIgniter->handleRequest()
 6 FCPATH/index.php(79): CodeIgniter\CodeIgniter->run()
CRITICAL - 2024-04-02 09:39:00 --> [Caused by] CodeIgniter\Database\Exceptions\DatabaseException: Table 'u866861647_verifyreviews.usuario' doesn't exist
in SYSTEMPATH/Database/MySQLi/Connection.php on line 311.
 1 SYSTEMPATH/Database/BaseConnection.php(693): CodeIgniter\Database\MySQLi\Connection->execute()
 2 SYSTEMPATH/Database/BaseConnection.php(607): CodeIgniter\Database\BaseConnection->simpleQuery()
 3 APPPATH/Models/BaseDatos.php(120): CodeIgniter\Database\BaseConnection->query()
 4 APPPATH/Controllers/Home.php(333): App\Models\BaseDatos->getHashContrasena()
 5 SYSTEMPATH/CodeIgniter.php(941): App\Controllers\Home->setLogin()
 6 SYSTEMPATH/CodeIgniter.php(502): CodeIgniter\CodeIgniter->runController()
 7 SYSTEMPATH/CodeIgniter.php(361): CodeIgniter\CodeIgniter->handleRequest()
 8 FCPATH/index.php(79): CodeIgniter\CodeIgniter->run()
CRITICAL - 2024-04-02 09:39:00 --> [Caused by] mysqli_sql_exception: Table 'u866861647_verifyreviews.usuario' doesn't exist
in SYSTEMPATH/Database/MySQLi/Connection.php on line 306.
 1 SYSTEMPATH/Database/MySQLi/Connection.php(306): mysqli->query()
 2 SYSTEMPATH/Database/BaseConnection.php(693): CodeIgniter\Database\MySQLi\Connection->execute()
 3 SYSTEMPATH/Database/BaseConnection.php(607): CodeIgniter\Database\BaseConnection->simpleQuery()
 4 APPPATH/Models/BaseDatos.php(120): CodeIgniter\Database\BaseConnection->query()
 5 APPPATH/Controllers/Home.php(333): App\Models\BaseDatos->getHashContrasena()
 6 SYSTEMPATH/CodeIgniter.php(941): App\Controllers\Home->setLogin()
 7 SYSTEMPATH/CodeIgniter.php(502): CodeIgniter\CodeIgniter->runController()
 8 SYSTEMPATH/CodeIgniter.php(361): CodeIgniter\CodeIgniter->handleRequest()
 9 FCPATH/index.php(79): CodeIgniter\CodeIgniter->run()
ERROR - 2024-04-02 09:40:05 --> mysqli_sql_exception: Table 'u866861647_verifyreviews.usuario' doesn't exist in /home/u866861647/domains/verifyreviews.es/public_html/verifyreviews/system/Database/MySQLi/Connection.php:306
Stack trace:
#0 /home/u866861647/domains/verifyreviews.es/public_html/verifyreviews/system/Database/MySQLi/Connection.php(306): mysqli->query()
#1 /home/u866861647/domains/verifyreviews.es/public_html/verifyreviews/system/Database/BaseConnection.php(693): CodeIgniter\Database\MySQLi\Connection->execute()
#2 /home/u866861647/domains/verifyreviews.es/public_html/verifyreviews/system/Database/BaseConnection.php(607): CodeIgniter\Database\BaseConnection->simpleQuery()
#3 /home/u866861647/domains/verifyreviews.es/public_html/verifyreviews/app/Models/BaseDatos.php(120): CodeIgniter\Database\BaseConnection->query()
#4 /home/u866861647/domains/verifyreviews.es/public_html/verifyreviews/app/Controllers/Home.php(333): App\Models\BaseDatos->getHashContrasena()
#5 /home/u866861647/domains/verifyreviews.es/public_html/verifyreviews/system/CodeIgniter.php(941): App\Controllers\Home->setLogin()
#6 /home/u866861647/domains/verifyreviews.es/public_html/verifyreviews/system/CodeIgniter.php(502): CodeIgniter\CodeIgniter->runController()
#7 /home/u866861647/domains/verifyreviews.es/public_html/verifyreviews/system/CodeIgniter.php(361): CodeIgniter\CodeIgniter->handleRequest()
#8 /home/u866861647/domains/verifyreviews.es/public_html/verifyreviews/public/index.php(79): CodeIgniter\CodeIgniter->run()
#9 {main}
CRITICAL - 2024-04-02 09:40:05 --> CodeIgniter\Database\Exceptions\DatabaseException: Table 'u866861647_verifyreviews.usuario' doesn't exist
in SYSTEMPATH/Database/BaseConnection.php on line 647.
 1 APPPATH/Models/BaseDatos.php(120): CodeIgniter\Database\BaseConnection->query()
 2 APPPATH/Controllers/Home.php(333): App\Models\BaseDatos->getHashContrasena()
 3 SYSTEMPATH/CodeIgniter.php(941): App\Controllers\Home->setLogin()
 4 SYSTEMPATH/CodeIgniter.php(502): CodeIgniter\CodeIgniter->runController()
 5 SYSTEMPATH/CodeIgniter.php(361): CodeIgniter\CodeIgniter->handleRequest()
 6 FCPATH/index.php(79): CodeIgniter\CodeIgniter->run()
CRITICAL - 2024-04-02 09:40:05 --> [Caused by] CodeIgniter\Database\Exceptions\DatabaseException: Table 'u866861647_verifyreviews.usuario' doesn't exist
in SYSTEMPATH/Database/MySQLi/Connection.php on line 311.
 1 SYSTEMPATH/Database/BaseConnection.php(693): CodeIgniter\Database\MySQLi\Connection->execute()
 2 SYSTEMPATH/Database/BaseConnection.php(607): CodeIgniter\Database\BaseConnection->simpleQuery()
 3 APPPATH/Models/BaseDatos.php(120): CodeIgniter\Database\BaseConnection->query()
 4 APPPATH/Controllers/Home.php(333): App\Models\BaseDatos->getHashContrasena()
 5 SYSTEMPATH/CodeIgniter.php(941): App\Controllers\Home->setLogin()
 6 SYSTEMPATH/CodeIgniter.php(502): CodeIgniter\CodeIgniter->runController()
 7 SYSTEMPATH/CodeIgniter.php(361): CodeIgniter\CodeIgniter->handleRequest()
 8 FCPATH/index.php(79): CodeIgniter\CodeIgniter->run()
CRITICAL - 2024-04-02 09:40:05 --> [Caused by] mysqli_sql_exception: Table 'u866861647_verifyreviews.usuario' doesn't exist
in SYSTEMPATH/Database/MySQLi/Connection.php on line 306.
 1 SYSTEMPATH/Database/MySQLi/Connection.php(306): mysqli->query()
 2 SYSTEMPATH/Database/BaseConnection.php(693): CodeIgniter\Database\MySQLi\Connection->execute()
 3 SYSTEMPATH/Database/BaseConnection.php(607): CodeIgniter\Database\BaseConnection->simpleQuery()
 4 APPPATH/Models/BaseDatos.php(120): CodeIgniter\Database\BaseConnection->query()
 5 APPPATH/Controllers/Home.php(333): App\Models\BaseDatos->getHashContrasena()
 6 SYSTEMPATH/CodeIgniter.php(941): App\Controllers\Home->setLogin()
 7 SYSTEMPATH/CodeIgniter.php(502): CodeIgniter\CodeIgniter->runController()
 8 SYSTEMPATH/CodeIgniter.php(361): CodeIgniter\CodeIgniter->handleRequest()
 9 FCPATH/index.php(79): CodeIgniter\CodeIgniter->run()
INFO - 2024-04-02 10:21:02 --> Session: Class initialized using 'CodeIgniter\Session\Handlers\FileHandler' driver.
INFO - 2024-04-02 10:21:07 --> Session: Class initialized using 'CodeIgniter\Session\Handlers\FileHandler' driver.
INFO - 2024-04-02 10:21:11 --> Session: Class initialized using 'CodeIgniter\Session\Handlers\FileHandler' driver.
ERROR - 2024-04-02 10:21:18 --> mysqli_sql_exception: Table 'u866861647_verifyreviews.usuario' doesn't exist in /home/u866861647/domains/verifyreviews.es/public_html/verifyreviews/system/Database/MySQLi/Connection.php:306
Stack trace:
#0 /home/u866861647/domains/verifyreviews.es/public_html/verifyreviews/system/Database/MySQLi/Connection.php(306): mysqli->query()
#1 /home/u866861647/domains/verifyreviews.es/public_html/verifyreviews/system/Database/BaseConnection.php(693): CodeIgniter\Database\MySQLi\Connection->execute()
#2 /home/u866861647/domains/verifyreviews.es/public_html/verifyreviews/system/Database/BaseConnection.php(607): CodeIgniter\Database\BaseConnection->simpleQuery()
#3 /home/u866861647/domains/verifyreviews.es/public_html/verifyreviews/app/Models/BaseDatos.php(120): CodeIgniter\Database\BaseConnection->query()
#4 /home/u866861647/domains/verifyreviews.es/public_html/verifyreviews/app/Controllers/Home.php(333): App\Models\BaseDatos->getHashContrasena()
#5 /home/u866861647/domains/verifyreviews.es/public_html/verifyreviews/system/CodeIgniter.php(941): App\Controllers\Home->setLogin()
#6 /home/u866861647/domains/verifyreviews.es/public_html/verifyreviews/system/CodeIgniter.php(502): CodeIgniter\CodeIgniter->runController()
#7 /home/u866861647/domains/verifyreviews.es/public_html/verifyreviews/system/CodeIgniter.php(361): CodeIgniter\CodeIgniter->handleRequest()
#8 /home/u866861647/domains/verifyreviews.es/public_html/verifyreviews/public/index.php(79): CodeIgniter\CodeIgniter->run()
#9 {main}
CRITICAL - 2024-04-02 10:21:18 --> CodeIgniter\Database\Exceptions\DatabaseException: Table 'u866861647_verifyreviews.usuario' doesn't exist
in SYSTEMPATH/Database/BaseConnection.php on line 647.
 1 APPPATH/Models/BaseDatos.php(120): CodeIgniter\Database\BaseConnection->query()
 2 APPPATH/Controllers/Home.php(333): App\Models\BaseDatos->getHashContrasena()
 3 SYSTEMPATH/CodeIgniter.php(941): App\Controllers\Home->setLogin()
 4 SYSTEMPATH/CodeIgniter.php(502): CodeIgniter\CodeIgniter->runController()
 5 SYSTEMPATH/CodeIgniter.php(361): CodeIgniter\CodeIgniter->handleRequest()
 6 FCPATH/index.php(79): CodeIgniter\CodeIgniter->run()
CRITICAL - 2024-04-02 10:21:18 --> [Caused by] CodeIgniter\Database\Exceptions\DatabaseException: Table 'u866861647_verifyreviews.usuario' doesn't exist
in SYSTEMPATH/Database/MySQLi/Connection.php on line 311.
 1 SYSTEMPATH/Database/BaseConnection.php(693): CodeIgniter\Database\MySQLi\Connection->execute()
 2 SYSTEMPATH/Database/BaseConnection.php(607): CodeIgniter\Database\BaseConnection->simpleQuery()
 3 APPPATH/Models/BaseDatos.php(120): CodeIgniter\Database\BaseConnection->query()
 4 APPPATH/Controllers/Home.php(333): App\Models\BaseDatos->getHashContrasena()
 5 SYSTEMPATH/CodeIgniter.php(941): App\Controllers\Home->setLogin()
 6 SYSTEMPATH/CodeIgniter.php(502): CodeIgniter\CodeIgniter->runController()
 7 SYSTEMPATH/CodeIgniter.php(361): CodeIgniter\CodeIgniter->handleRequest()
 8 FCPATH/index.php(79): CodeIgniter\CodeIgniter->run()
CRITICAL - 2024-04-02 10:21:18 --> [Caused by] mysqli_sql_exception: Table 'u866861647_verifyreviews.usuario' doesn't exist
in SYSTEMPATH/Database/MySQLi/Connection.php on line 306.
 1 SYSTEMPATH/Database/MySQLi/Connection.php(306): mysqli->query()
 2 SYSTEMPATH/Database/BaseConnection.php(693): CodeIgniter\Database\MySQLi\Connection->execute()
 3 SYSTEMPATH/Database/BaseConnection.php(607): CodeIgniter\Database\BaseConnection->simpleQuery()
 4 APPPATH/Models/BaseDatos.php(120): CodeIgniter\Database\BaseConnection->query()
 5 APPPATH/Controllers/Home.php(333): App\Models\BaseDatos->getHashContrasena()
 6 SYSTEMPATH/CodeIgniter.php(941): App\Controllers\Home->setLogin()
 7 SYSTEMPATH/CodeIgniter.php(502): CodeIgniter\CodeIgniter->runController()
 8 SYSTEMPATH/CodeIgniter.php(361): CodeIgniter\CodeIgniter->handleRequest()
 9 FCPATH/index.php(79): CodeIgniter\CodeIgniter->run()
INFO - 2024-04-02 10:21:59 --> Session: Class initialized using 'CodeIgniter\Session\Handlers\FileHandler' driver.
INFO - 2024-04-02 10:22:06 --> Session: Class initialized using 'CodeIgniter\Session\Handlers\FileHandler' driver.
INFO - 2024-04-02 10:22:35 --> Session: Class initialized using 'CodeIgniter\Session\Handlers\FileHandler' driver.
INFO - 2024-04-02 10:22:40 --> Session: Class initialized using 'CodeIgniter\Session\Handlers\FileHandler' driver.
INFO - 2024-04-02 10:22:44 --> Session: Class initialized using 'CodeIgniter\Session\Handlers\FileHandler' driver.
ERROR - 2024-04-02 10:22:51 --> mysqli_sql_exception: Table 'u866861647_verifyreviews.usuario' doesn't exist in /home/u866861647/domains/verifyreviews.es/public_html/verifyreviews/system/Database/MySQLi/Connection.php:306
Stack trace:
#0 /home/u866861647/domains/verifyreviews.es/public_html/verifyreviews/system/Database/MySQLi/Connection.php(306): mysqli->query()
#1 /home/u866861647/domains/verifyreviews.es/public_html/verifyreviews/system/Database/BaseConnection.php(693): CodeIgniter\Database\MySQLi\Connection->execute()
#2 /home/u866861647/domains/verifyreviews.es/public_html/verifyreviews/system/Database/BaseConnection.php(607): CodeIgniter\Database\BaseConnection->simpleQuery()
#3 /home/u866861647/domains/verifyreviews.es/public_html/verifyreviews/app/Models/BaseDatos.php(120): CodeIgniter\Database\BaseConnection->query()
#4 /home/u866861647/domains/verifyreviews.es/public_html/verifyreviews/app/Controllers/Home.php(333): App\Models\BaseDatos->getHashContrasena()
#5 /home/u866861647/domains/verifyreviews.es/public_html/verifyreviews/system/CodeIgniter.php(941): App\Controllers\Home->setLogin()
#6 /home/u866861647/domains/verifyreviews.es/public_html/verifyreviews/system/CodeIgniter.php(502): CodeIgniter\CodeIgniter->runController()
#7 /home/u866861647/domains/verifyreviews.es/public_html/verifyreviews/system/CodeIgniter.php(361): CodeIgniter\CodeIgniter->handleRequest()
#8 /home/u866861647/domains/verifyreviews.es/public_html/verifyreviews/public/index.php(79): CodeIgniter\CodeIgniter->run()
#9 {main}
CRITICAL - 2024-04-02 10:22:51 --> CodeIgniter\Database\Exceptions\DatabaseException: Table 'u866861647_verifyreviews.usuario' doesn't exist
in SYSTEMPATH/Database/BaseConnection.php on line 647.
 1 APPPATH/Models/BaseDatos.php(120): CodeIgniter\Database\BaseConnection->query()
 2 APPPATH/Controllers/Home.php(333): App\Models\BaseDatos->getHashContrasena()
 3 SYSTEMPATH/CodeIgniter.php(941): App\Controllers\Home->setLogin()
 4 SYSTEMPATH/CodeIgniter.php(502): CodeIgniter\CodeIgniter->runController()
 5 SYSTEMPATH/CodeIgniter.php(361): CodeIgniter\CodeIgniter->handleRequest()
 6 FCPATH/index.php(79): CodeIgniter\CodeIgniter->run()
CRITICAL - 2024-04-02 10:22:51 --> [Caused by] CodeIgniter\Database\Exceptions\DatabaseException: Table 'u866861647_verifyreviews.usuario' doesn't exist
in SYSTEMPATH/Database/MySQLi/Connection.php on line 311.
 1 SYSTEMPATH/Database/BaseConnection.php(693): CodeIgniter\Database\MySQLi\Connection->execute()
 2 SYSTEMPATH/Database/BaseConnection.php(607): CodeIgniter\Database\BaseConnection->simpleQuery()
 3 APPPATH/Models/BaseDatos.php(120): CodeIgniter\Database\BaseConnection->query()
 4 APPPATH/Controllers/Home.php(333): App\Models\BaseDatos->getHashContrasena()
 5 SYSTEMPATH/CodeIgniter.php(941): App\Controllers\Home->setLogin()
 6 SYSTEMPATH/CodeIgniter.php(502): CodeIgniter\CodeIgniter->runController()
 7 SYSTEMPATH/CodeIgniter.php(361): CodeIgniter\CodeIgniter->handleRequest()
 8 FCPATH/index.php(79): CodeIgniter\CodeIgniter->run()
CRITICAL - 2024-04-02 10:22:51 --> [Caused by] mysqli_sql_exception: Table 'u866861647_verifyreviews.usuario' doesn't exist
in SYSTEMPATH/Database/MySQLi/Connection.php on line 306.
 1 SYSTEMPATH/Database/MySQLi/Connection.php(306): mysqli->query()
 2 SYSTEMPATH/Database/BaseConnection.php(693): CodeIgniter\Database\MySQLi\Connection->execute()
 3 SYSTEMPATH/Database/BaseConnection.php(607): CodeIgniter\Database\BaseConnection->simpleQuery()
 4 APPPATH/Models/BaseDatos.php(120): CodeIgniter\Database\BaseConnection->query()
 5 APPPATH/Controllers/Home.php(333): App\Models\BaseDatos->getHashContrasena()
 6 SYSTEMPATH/CodeIgniter.php(941): App\Controllers\Home->setLogin()
 7 SYSTEMPATH/CodeIgniter.php(502): CodeIgniter\CodeIgniter->runController()
 8 SYSTEMPATH/CodeIgniter.php(361): CodeIgniter\CodeIgniter->handleRequest()
 9 FCPATH/index.php(79): CodeIgniter\CodeIgniter->run()
INFO - 2024-04-02 10:23:37 --> Session: Class initialized using 'CodeIgniter\Session\Handlers\FileHandler' driver.
INFO - 2024-04-02 10:23:48 --> Session: Class initialized using 'CodeIgniter\Session\Handlers\FileHandler' driver.
INFO - 2024-04-02 10:23:48 --> Session: Class initialized using 'CodeIgniter\Session\Handlers\FileHandler' driver.
INFO - 2024-04-02 10:23:52 --> Session: Class initialized using 'CodeIgniter\Session\Handlers\FileHandler' driver.
CRITICAL - 2024-04-02 10:24:02 --> TypeError: password_verify(): Argument #2 ($hash) must be of type string, CodeIgniter\Database\MySQLi\Result given
in APPPATH/Controllers/Home.php on line 334.
 1 APPPATH/Controllers/Home.php(334): password_verify()
 2 SYSTEMPATH/CodeIgniter.php(941): App\Controllers\Home->setLogin()
 3 SYSTEMPATH/CodeIgniter.php(502): CodeIgniter\CodeIgniter->runController()
 4 SYSTEMPATH/CodeIgniter.php(361): CodeIgniter\CodeIgniter->handleRequest()
 5 FCPATH/index.php(79): CodeIgniter\CodeIgniter->run()
INFO - 2024-04-02 10:25:37 --> Session: Class initialized using 'CodeIgniter\Session\Handlers\FileHandler' driver.
INFO - 2024-04-02 10:25:41 --> Session: Class initialized using 'CodeIgniter\Session\Handlers\FileHandler' driver.
INFO - 2024-04-02 10:25:44 --> Session: Class initialized using 'CodeIgniter\Session\Handlers\FileHandler' driver.
INFO - 2024-04-02 10:25:53 --> Session: Class initialized using 'CodeIgniter\Session\Handlers\FileHandler' driver.
INFO - 2024-04-02 10:27:33 --> Session: Class initialized using 'CodeIgniter\Session\Handlers\FileHandler' driver.
INFO - 2024-04-02 10:27:42 --> Session: Class initialized using 'CodeIgniter\Session\Handlers\FileHandler' driver.
INFO - 2024-04-02 10:28:31 --> Session: Class initialized using 'CodeIgniter\Session\Handlers\FileHandler' driver.
CRITICAL - 2024-04-02 10:28:40 --> ErrorException: Undefined array key "contrasena"
in APPPATH/Controllers/Home.php on line 334.
 1 APPPATH/Controllers/Home.php(334): CodeIgniter\Debug\Exceptions->errorHandler()
 2 SYSTEMPATH/CodeIgniter.php(941): App\Controllers\Home->setLogin()
 3 SYSTEMPATH/CodeIgniter.php(502): CodeIgniter\CodeIgniter->runController()
 4 SYSTEMPATH/CodeIgniter.php(361): CodeIgniter\CodeIgniter->handleRequest()
 5 FCPATH/index.php(79): CodeIgniter\CodeIgniter->run()
INFO - 2024-04-02 10:34:36 --> Session: Class initialized using 'CodeIgniter\Session\Handlers\FileHandler' driver.
INFO - 2024-04-02 10:34:42 --> Session: Class initialized using 'CodeIgniter\Session\Handlers\FileHandler' driver.
INFO - 2024-04-02 10:36:11 --> Session: Class initialized using 'CodeIgniter\Session\Handlers\FileHandler' driver.
INFO - 2024-04-02 10:36:17 --> Session: Class initialized using 'CodeIgniter\Session\Handlers\FileHandler' driver.
INFO - 2024-04-02 10:36:22 --> Session: Class initialized using 'CodeIgniter\Session\Handlers\FileHandler' driver.
INFO - 2024-04-02 10:36:33 --> Session: Class initialized using 'CodeIgniter\Session\Handlers\FileHandler' driver.
INFO - 2024-04-02 10:36:43 --> Session: Class initialized using 'CodeIgniter\Session\Handlers\FileHandler' driver.
INFO - 2024-04-02 10:36:46 --> Session: Class initialized using 'CodeIgniter\Session\Handlers\FileHandler' driver.
INFO - 2024-04-02 10:37:20 --> Session: Class initialized using 'CodeIgniter\Session\Handlers\FileHandler' driver.
INFO - 2024-04-02 10:39:03 --> Session: Class initialized using 'CodeIgniter\Session\Handlers\FileHandler' driver.
INFO - 2024-04-02 10:39:06 --> Session: Class initialized using 'CodeIgniter\Session\Handlers\FileHandler' driver.
INFO - 2024-04-02 10:39:21 --> Session: Class initialized using 'CodeIgniter\Session\Handlers\FileHandler' driver.
INFO - 2024-04-02 10:40:02 --> Session: Class initialized using 'CodeIgniter\Session\Handlers\FileHandler' driver.
INFO - 2024-04-02 10:40:04 --> Session: Class initialized using 'CodeIgniter\Session\Handlers\FileHandler' driver.
INFO - 2024-04-02 10:40:09 --> Session: Class initialized using 'CodeIgniter\Session\Handlers\FileHandler' driver.
INFO - 2024-04-02 10:40:19 --> Session: Class initialized using 'CodeIgniter\Session\Handlers\FileHandler' driver.
INFO - 2024-04-02 10:40:21 --> Session: Class initialized using 'CodeIgniter\Session\Handlers\FileHandler' driver.
INFO - 2024-04-02 10:40:32 --> Session: Class initialized using 'CodeIgniter\Session\Handlers\FileHandler' driver.
INFO - 2024-04-02 10:42:19 --> Session: Class initialized using 'CodeIgniter\Session\Handlers\FileHandler' driver.
INFO - 2024-04-02 10:42:26 --> Session: Class initialized using 'CodeIgniter\Session\Handlers\FileHandler' driver.
INFO - 2024-04-02 10:42:28 --> Session: Class initialized using 'CodeIgniter\Session\Handlers\FileHandler' driver.
INFO - 2024-04-02 10:42:35 --> Session: Class initialized using 'CodeIgniter\Session\Handlers\FileHandler' driver.
INFO - 2024-04-02 10:50:58 --> Session: Class initialized using 'CodeIgniter\Session\Handlers\FileHandler' driver.
INFO - 2024-04-02 10:52:04 --> Session: Class initialized using 'CodeIgniter\Session\Handlers\FileHandler' driver.
INFO - 2024-04-02 10:52:09 --> Session: Class initialized using 'CodeIgniter\Session\Handlers\FileHandler' driver.
INFO - 2024-04-02 10:52:14 --> Session: Class initialized using 'CodeIgniter\Session\Handlers\FileHandler' driver.
INFO - 2024-04-02 10:52:43 --> Session: Class initialized using 'CodeIgniter\Session\Handlers\FileHandler' driver.
INFO - 2024-04-02 10:52:54 --> Session: Class initialized using 'CodeIgniter\Session\Handlers\FileHandler' driver.
INFO - 2024-04-02 10:53:00 --> Session: Class initialized using 'CodeIgniter\Session\Handlers\FileHandler' driver.
INFO - 2024-04-02 10:53:35 --> Session: Class initialized using 'CodeIgniter\Session\Handlers\FileHandler' driver.
INFO - 2024-04-02 10:53:41 --> Session: Class initialized using 'CodeIgniter\Session\Handlers\FileHandler' driver.
INFO - 2024-04-02 10:53:47 --> Session: Class initialized using 'CodeIgniter\Session\Handlers\FileHandler' driver.
INFO - 2024-04-02 13:16:52 --> Session: Class initialized using 'CodeIgniter\Session\Handlers\FileHandler' driver.
INFO - 2024-04-02 13:16:58 --> Session: Class initialized using 'CodeIgniter\Session\Handlers\FileHandler' driver.
INFO - 2024-04-02 13:17:12 --> Session: Class initialized using 'CodeIgniter\Session\Handlers\FileHandler' driver.
INFO - 2024-04-02 13:17:16 --> Session: Class initialized using 'CodeIgniter\Session\Handlers\FileHandler' driver.
