CRITICAL - 2024-03-31 10:55:08 --> Error: Call to private App\Models\Negocio::__construct() from scope App\Models\Master
in APPPATH/Models/Master.php on line 49.
 1 APPPATH/Controllers/Home.php(157): App\Models\Master->setNegocio()
 2 SYSTEMPATH/CodeIgniter.php(941): App\Controllers\Home->setNegocio()
 3 SYSTEMPATH/CodeIgniter.php(502): CodeIgniter\CodeIgniter->runController()
 4 SYSTEMPATH/CodeIgniter.php(361): CodeIgniter\CodeIgniter->handleRequest()
 5 FCPATH/index.php(79): CodeIgniter\CodeIgniter->run()
CRITICAL - 2024-03-31 10:57:59 --> TypeError: array_push(): Argument #1 ($array) must be of type array, null given
in APPPATH/Models/Master.php on line 51.
 1 APPPATH/Models/Master.php(51): array_push()
 2 APPPATH/Controllers/Home.php(157): App\Models\Master->setNegocio()
 3 SYSTEMPATH/CodeIgniter.php(941): App\Controllers\Home->setNegocio()
 4 SYSTEMPATH/CodeIgniter.php(502): CodeIgniter\CodeIgniter->runController()
 5 SYSTEMPATH/CodeIgniter.php(361): CodeIgniter\CodeIgniter->handleRequest()
 6 FCPATH/index.php(79): CodeIgniter\CodeIgniter->run()
CRITICAL - 2024-03-31 11:24:05 --> Error: Class "App\Models\Emailmailer" not found
in APPPATH/Controllers/Home.php on line 147.
 1 SYSTEMPATH/CodeIgniter.php(941): App\Controllers\Home->setNegocio()
 2 SYSTEMPATH/CodeIgniter.php(502): CodeIgniter\CodeIgniter->runController()
 3 SYSTEMPATH/CodeIgniter.php(361): CodeIgniter\CodeIgniter->handleRequest()
 4 FCPATH/index.php(79): CodeIgniter\CodeIgniter->run()
CRITICAL - 2024-03-31 11:31:50 --> TypeError: trim(): Argument #1 ($string) must be of type string, App\Models\Emailmailer given
in VENDORPATH/phpmailer/phpmailer/src/PHPMailer.php on line 1087.
 1 VENDORPATH/phpmailer/phpmailer/src/PHPMailer.php(1087): trim()
 2 VENDORPATH/phpmailer/phpmailer/src/PHPMailer.php(1021): PHPMailer\PHPMailer\PHPMailer->addOrEnqueueAnAddress()
 3 APPPATH/Models/Emailmailer.php(26): PHPMailer\PHPMailer\PHPMailer->addAddress()
 4 APPPATH/Controllers/Home.php(152): App\Models\Emailmailer->enviarCorreo()
 5 SYSTEMPATH/CodeIgniter.php(941): App\Controllers\Home->setNegocio()
 6 SYSTEMPATH/CodeIgniter.php(502): CodeIgniter\CodeIgniter->runController()
 7 SYSTEMPATH/CodeIgniter.php(361): CodeIgniter\CodeIgniter->handleRequest()
 8 FCPATH/index.php(79): CodeIgniter\CodeIgniter->run()
CRITICAL - 2024-03-31 11:33:55 --> Error: Object of class App\Models\Emailmailer could not be converted to string
in APPPATH/Controllers/Home.php on line 148.
 1 SYSTEMPATH/CodeIgniter.php(941): App\Controllers\Home->setNegocio()
 2 SYSTEMPATH/CodeIgniter.php(502): CodeIgniter\CodeIgniter->runController()
 3 SYSTEMPATH/CodeIgniter.php(361): CodeIgniter\CodeIgniter->handleRequest()
 4 FCPATH/index.php(79): CodeIgniter\CodeIgniter->run()
CRITICAL - 2024-03-31 11:38:59 --> TypeError: trim(): Argument #1 ($string) must be of type string, App\Models\Emailmailer given
in VENDORPATH/phpmailer/phpmailer/src/PHPMailer.php on line 1087.
 1 VENDORPATH/phpmailer/phpmailer/src/PHPMailer.php(1087): trim()
 2 VENDORPATH/phpmailer/phpmailer/src/PHPMailer.php(1021): PHPMailer\PHPMailer\PHPMailer->addOrEnqueueAnAddress()
 3 APPPATH/Models/Emailmailer.php(26): PHPMailer\PHPMailer\PHPMailer->addAddress()
 4 APPPATH/Controllers/Home.php(153): App\Models\Emailmailer->enviarCorreo()
 5 SYSTEMPATH/CodeIgniter.php(941): App\Controllers\Home->setNegocio()
 6 SYSTEMPATH/CodeIgniter.php(502): CodeIgniter\CodeIgniter->runController()
 7 SYSTEMPATH/CodeIgniter.php(361): CodeIgniter\CodeIgniter->handleRequest()
 8 FCPATH/index.php(79): CodeIgniter\CodeIgniter->run()
ERROR - 2024-03-31 11:59:18 --> mysqli_sql_exception: Unknown column '81ef96102bdb03da52a51d2a9e93b136' in 'field list' in /home/u866861647/domains/verifyreviews.es/public_html/verifyreviews/system/Database/MySQLi/Connection.php:306
Stack trace:
#0 /home/u866861647/domains/verifyreviews.es/public_html/verifyreviews/system/Database/MySQLi/Connection.php(306): mysqli->query()
#1 /home/u866861647/domains/verifyreviews.es/public_html/verifyreviews/system/Database/BaseConnection.php(693): CodeIgniter\Database\MySQLi\Connection->execute()
#2 /home/u866861647/domains/verifyreviews.es/public_html/verifyreviews/system/Database/BaseConnection.php(607): CodeIgniter\Database\BaseConnection->simpleQuery()
#3 /home/u866861647/domains/verifyreviews.es/public_html/verifyreviews/app/Models/BaseDatos.php(36): CodeIgniter\Database\BaseConnection->query()
#4 /home/u866861647/domains/verifyreviews.es/public_html/verifyreviews/app/Controllers/Home.php(162): App\Models\BaseDatos->setNegocio()
#5 /home/u866861647/domains/verifyreviews.es/public_html/verifyreviews/system/CodeIgniter.php(941): App\Controllers\Home->setNegocio()
#6 /home/u866861647/domains/verifyreviews.es/public_html/verifyreviews/system/CodeIgniter.php(502): CodeIgniter\CodeIgniter->runController()
#7 /home/u866861647/domains/verifyreviews.es/public_html/verifyreviews/system/CodeIgniter.php(361): CodeIgniter\CodeIgniter->handleRequest()
#8 /home/u866861647/domains/verifyreviews.es/public_html/verifyreviews/public/index.php(79): CodeIgniter\CodeIgniter->run()
#9 {main}
CRITICAL - 2024-03-31 11:59:18 --> CodeIgniter\Database\Exceptions\DatabaseException: Unknown column '81ef96102bdb03da52a51d2a9e93b136' in 'field list'
in SYSTEMPATH/Database/BaseConnection.php on line 647.
 1 APPPATH/Models/BaseDatos.php(36): CodeIgniter\Database\BaseConnection->query()
 2 APPPATH/Controllers/Home.php(162): App\Models\BaseDatos->setNegocio()
 3 SYSTEMPATH/CodeIgniter.php(941): App\Controllers\Home->setNegocio()
 4 SYSTEMPATH/CodeIgniter.php(502): CodeIgniter\CodeIgniter->runController()
 5 SYSTEMPATH/CodeIgniter.php(361): CodeIgniter\CodeIgniter->handleRequest()
 6 FCPATH/index.php(79): CodeIgniter\CodeIgniter->run()
CRITICAL - 2024-03-31 11:59:18 --> [Caused by] CodeIgniter\Database\Exceptions\DatabaseException: Unknown column '81ef96102bdb03da52a51d2a9e93b136' in 'field list'
in SYSTEMPATH/Database/MySQLi/Connection.php on line 311.
 1 SYSTEMPATH/Database/BaseConnection.php(693): CodeIgniter\Database\MySQLi\Connection->execute()
 2 SYSTEMPATH/Database/BaseConnection.php(607): CodeIgniter\Database\BaseConnection->simpleQuery()
 3 APPPATH/Models/BaseDatos.php(36): CodeIgniter\Database\BaseConnection->query()
 4 APPPATH/Controllers/Home.php(162): App\Models\BaseDatos->setNegocio()
 5 SYSTEMPATH/CodeIgniter.php(941): App\Controllers\Home->setNegocio()
 6 SYSTEMPATH/CodeIgniter.php(502): CodeIgniter\CodeIgniter->runController()
 7 SYSTEMPATH/CodeIgniter.php(361): CodeIgniter\CodeIgniter->handleRequest()
 8 FCPATH/index.php(79): CodeIgniter\CodeIgniter->run()
CRITICAL - 2024-03-31 11:59:18 --> [Caused by] mysqli_sql_exception: Unknown column '81ef96102bdb03da52a51d2a9e93b136' in 'field list'
in SYSTEMPATH/Database/MySQLi/Connection.php on line 306.
 1 SYSTEMPATH/Database/MySQLi/Connection.php(306): mysqli->query()
 2 SYSTEMPATH/Database/BaseConnection.php(693): CodeIgniter\Database\MySQLi\Connection->execute()
 3 SYSTEMPATH/Database/BaseConnection.php(607): CodeIgniter\Database\BaseConnection->simpleQuery()
 4 APPPATH/Models/BaseDatos.php(36): CodeIgniter\Database\BaseConnection->query()
 5 APPPATH/Controllers/Home.php(162): App\Models\BaseDatos->setNegocio()
 6 SYSTEMPATH/CodeIgniter.php(941): App\Controllers\Home->setNegocio()
 7 SYSTEMPATH/CodeIgniter.php(502): CodeIgniter\CodeIgniter->runController()
 8 SYSTEMPATH/CodeIgniter.php(361): CodeIgniter\CodeIgniter->handleRequest()
 9 FCPATH/index.php(79): CodeIgniter\CodeIgniter->run()
ERROR - 2024-03-31 12:16:02 --> mysqli_sql_exception: You have an error in your SQL syntax; check the manual that corresponds to your MariaDB server version for the right syntax to use near 'b50acecfa741cc3672e14293f)' at line 1 in /home/u866861647/domains/verifyreviews.es/public_html/verifyreviews/system/Database/MySQLi/Connection.php:306
Stack trace:
#0 /home/u866861647/domains/verifyreviews.es/public_html/verifyreviews/system/Database/MySQLi/Connection.php(306): mysqli->query()
#1 /home/u866861647/domains/verifyreviews.es/public_html/verifyreviews/system/Database/BaseConnection.php(693): CodeIgniter\Database\MySQLi\Connection->execute()
#2 /home/u866861647/domains/verifyreviews.es/public_html/verifyreviews/system/Database/BaseConnection.php(607): CodeIgniter\Database\BaseConnection->simpleQuery()
#3 /home/u866861647/domains/verifyreviews.es/public_html/verifyreviews/app/Models/BaseDatos.php(36): CodeIgniter\Database\BaseConnection->query()
#4 /home/u866861647/domains/verifyreviews.es/public_html/verifyreviews/app/Controllers/Home.php(162): App\Models\BaseDatos->setNegocio()
#5 /home/u866861647/domains/verifyreviews.es/public_html/verifyreviews/system/CodeIgniter.php(941): App\Controllers\Home->setNegocio()
#6 /home/u866861647/domains/verifyreviews.es/public_html/verifyreviews/system/CodeIgniter.php(502): CodeIgniter\CodeIgniter->runController()
#7 /home/u866861647/domains/verifyreviews.es/public_html/verifyreviews/system/CodeIgniter.php(361): CodeIgniter\CodeIgniter->handleRequest()
#8 /home/u866861647/domains/verifyreviews.es/public_html/verifyreviews/public/index.php(79): CodeIgniter\CodeIgniter->run()
#9 {main}
CRITICAL - 2024-03-31 12:16:02 --> CodeIgniter\Database\Exceptions\DatabaseException: You have an error in your SQL syntax; check the manual that corresponds to your MariaDB server version for the right syntax to use near 'b50acecfa741cc3672e14293f)' at line 1
in SYSTEMPATH/Database/BaseConnection.php on line 647.
 1 APPPATH/Models/BaseDatos.php(36): CodeIgniter\Database\BaseConnection->query()
 2 APPPATH/Controllers/Home.php(162): App\Models\BaseDatos->setNegocio()
 3 SYSTEMPATH/CodeIgniter.php(941): App\Controllers\Home->setNegocio()
 4 SYSTEMPATH/CodeIgniter.php(502): CodeIgniter\CodeIgniter->runController()
 5 SYSTEMPATH/CodeIgniter.php(361): CodeIgniter\CodeIgniter->handleRequest()
 6 FCPATH/index.php(79): CodeIgniter\CodeIgniter->run()
CRITICAL - 2024-03-31 12:16:02 --> [Caused by] CodeIgniter\Database\Exceptions\DatabaseException: You have an error in your SQL syntax; check the manual that corresponds to your MariaDB server version for the right syntax to use near 'b50acecfa741cc3672e14293f)' at line 1
in SYSTEMPATH/Database/MySQLi/Connection.php on line 311.
 1 SYSTEMPATH/Database/BaseConnection.php(693): CodeIgniter\Database\MySQLi\Connection->execute()
 2 SYSTEMPATH/Database/BaseConnection.php(607): CodeIgniter\Database\BaseConnection->simpleQuery()
 3 APPPATH/Models/BaseDatos.php(36): CodeIgniter\Database\BaseConnection->query()
 4 APPPATH/Controllers/Home.php(162): App\Models\BaseDatos->setNegocio()
 5 SYSTEMPATH/CodeIgniter.php(941): App\Controllers\Home->setNegocio()
 6 SYSTEMPATH/CodeIgniter.php(502): CodeIgniter\CodeIgniter->runController()
 7 SYSTEMPATH/CodeIgniter.php(361): CodeIgniter\CodeIgniter->handleRequest()
 8 FCPATH/index.php(79): CodeIgniter\CodeIgniter->run()
CRITICAL - 2024-03-31 12:16:02 --> [Caused by] mysqli_sql_exception: You have an error in your SQL syntax; check the manual that corresponds to your MariaDB server version for the right syntax to use near 'b50acecfa741cc3672e14293f)' at line 1
in SYSTEMPATH/Database/MySQLi/Connection.php on line 306.
 1 SYSTEMPATH/Database/MySQLi/Connection.php(306): mysqli->query()
 2 SYSTEMPATH/Database/BaseConnection.php(693): CodeIgniter\Database\MySQLi\Connection->execute()
 3 SYSTEMPATH/Database/BaseConnection.php(607): CodeIgniter\Database\BaseConnection->simpleQuery()
 4 APPPATH/Models/BaseDatos.php(36): CodeIgniter\Database\BaseConnection->query()
 5 APPPATH/Controllers/Home.php(162): App\Models\BaseDatos->setNegocio()
 6 SYSTEMPATH/CodeIgniter.php(941): App\Controllers\Home->setNegocio()
 7 SYSTEMPATH/CodeIgniter.php(502): CodeIgniter\CodeIgniter->runController()
 8 SYSTEMPATH/CodeIgniter.php(361): CodeIgniter\CodeIgniter->handleRequest()
 9 FCPATH/index.php(79): CodeIgniter\CodeIgniter->run()
ERROR - 2024-03-31 12:19:50 --> mysqli_sql_exception: Unknown column '349045989dbd8e6a70a205efea2c6a2c' in 'field list' in /home/u866861647/domains/verifyreviews.es/public_html/verifyreviews/system/Database/MySQLi/Connection.php:306
Stack trace:
#0 /home/u866861647/domains/verifyreviews.es/public_html/verifyreviews/system/Database/MySQLi/Connection.php(306): mysqli->query()
#1 /home/u866861647/domains/verifyreviews.es/public_html/verifyreviews/system/Database/BaseConnection.php(693): CodeIgniter\Database\MySQLi\Connection->execute()
#2 /home/u866861647/domains/verifyreviews.es/public_html/verifyreviews/system/Database/BaseConnection.php(607): CodeIgniter\Database\BaseConnection->simpleQuery()
#3 /home/u866861647/domains/verifyreviews.es/public_html/verifyreviews/app/Models/BaseDatos.php(37): CodeIgniter\Database\BaseConnection->query()
#4 /home/u866861647/domains/verifyreviews.es/public_html/verifyreviews/app/Controllers/Home.php(162): App\Models\BaseDatos->setNegocio()
#5 /home/u866861647/domains/verifyreviews.es/public_html/verifyreviews/system/CodeIgniter.php(941): App\Controllers\Home->setNegocio()
#6 /home/u866861647/domains/verifyreviews.es/public_html/verifyreviews/system/CodeIgniter.php(502): CodeIgniter\CodeIgniter->runController()
#7 /home/u866861647/domains/verifyreviews.es/public_html/verifyreviews/system/CodeIgniter.php(361): CodeIgniter\CodeIgniter->handleRequest()
#8 /home/u866861647/domains/verifyreviews.es/public_html/verifyreviews/public/index.php(79): CodeIgniter\CodeIgniter->run()
#9 {main}
CRITICAL - 2024-03-31 12:19:50 --> CodeIgniter\Database\Exceptions\DatabaseException: Unknown column '349045989dbd8e6a70a205efea2c6a2c' in 'field list'
in SYSTEMPATH/Database/BaseConnection.php on line 647.
 1 APPPATH/Models/BaseDatos.php(37): CodeIgniter\Database\BaseConnection->query()
 2 APPPATH/Controllers/Home.php(162): App\Models\BaseDatos->setNegocio()
 3 SYSTEMPATH/CodeIgniter.php(941): App\Controllers\Home->setNegocio()
 4 SYSTEMPATH/CodeIgniter.php(502): CodeIgniter\CodeIgniter->runController()
 5 SYSTEMPATH/CodeIgniter.php(361): CodeIgniter\CodeIgniter->handleRequest()
 6 FCPATH/index.php(79): CodeIgniter\CodeIgniter->run()
CRITICAL - 2024-03-31 12:19:50 --> [Caused by] CodeIgniter\Database\Exceptions\DatabaseException: Unknown column '349045989dbd8e6a70a205efea2c6a2c' in 'field list'
in SYSTEMPATH/Database/MySQLi/Connection.php on line 311.
 1 SYSTEMPATH/Database/BaseConnection.php(693): CodeIgniter\Database\MySQLi\Connection->execute()
 2 SYSTEMPATH/Database/BaseConnection.php(607): CodeIgniter\Database\BaseConnection->simpleQuery()
 3 APPPATH/Models/BaseDatos.php(37): CodeIgniter\Database\BaseConnection->query()
 4 APPPATH/Controllers/Home.php(162): App\Models\BaseDatos->setNegocio()
 5 SYSTEMPATH/CodeIgniter.php(941): App\Controllers\Home->setNegocio()
 6 SYSTEMPATH/CodeIgniter.php(502): CodeIgniter\CodeIgniter->runController()
 7 SYSTEMPATH/CodeIgniter.php(361): CodeIgniter\CodeIgniter->handleRequest()
 8 FCPATH/index.php(79): CodeIgniter\CodeIgniter->run()
CRITICAL - 2024-03-31 12:19:50 --> [Caused by] mysqli_sql_exception: Unknown column '349045989dbd8e6a70a205efea2c6a2c' in 'field list'
in SYSTEMPATH/Database/MySQLi/Connection.php on line 306.
 1 SYSTEMPATH/Database/MySQLi/Connection.php(306): mysqli->query()
 2 SYSTEMPATH/Database/BaseConnection.php(693): CodeIgniter\Database\MySQLi\Connection->execute()
 3 SYSTEMPATH/Database/BaseConnection.php(607): CodeIgniter\Database\BaseConnection->simpleQuery()
 4 APPPATH/Models/BaseDatos.php(37): CodeIgniter\Database\BaseConnection->query()
 5 APPPATH/Controllers/Home.php(162): App\Models\BaseDatos->setNegocio()
 6 SYSTEMPATH/CodeIgniter.php(941): App\Controllers\Home->setNegocio()
 7 SYSTEMPATH/CodeIgniter.php(502): CodeIgniter\CodeIgniter->runController()
 8 SYSTEMPATH/CodeIgniter.php(361): CodeIgniter\CodeIgniter->handleRequest()
 9 FCPATH/index.php(79): CodeIgniter\CodeIgniter->run()
CRITICAL - 2024-03-31 13:47:37 --> ErrorException: require(path/to/PHPMailer/src/Exception.php): Failed to open stream: No such file or directory
in APPPATH/Models/Emailmailer.php on line 7.
 1 APPPATH/Models/Emailmailer.php(7): CodeIgniter\Debug\Exceptions->errorHandler()
 2 APPPATH/Models/Emailmailer.php(7): require()
 3 SYSTEMPATH/Autoloader/Autoloader.php(311): include_once('/home/u866861647/domains/verifyreviews.es/public_html/verifyreviews/app/Models/Emailmailer.php')
 4 SYSTEMPATH/Autoloader/Autoloader.php(290): CodeIgniter\Autoloader\Autoloader->includeFile()
 5 SYSTEMPATH/Autoloader/Autoloader.php(266): CodeIgniter\Autoloader\Autoloader->loadInNamespace()
 6 APPPATH/Controllers/Home.php(150): CodeIgniter\Autoloader\Autoloader->loadClass()
 7 SYSTEMPATH/CodeIgniter.php(941): App\Controllers\Home->setNegocio()
 8 SYSTEMPATH/CodeIgniter.php(502): CodeIgniter\CodeIgniter->runController()
 9 SYSTEMPATH/CodeIgniter.php(361): CodeIgniter\CodeIgniter->handleRequest()
10 FCPATH/index.php(79): CodeIgniter\CodeIgniter->run()
CRITICAL - 2024-03-31 13:51:09 --> ErrorException: require(path/to/PHPMailer/src/Exception.php): Failed to open stream: No such file or directory
in APPPATH/Models/Emailmailer.php on line 8.
 1 APPPATH/Models/Emailmailer.php(8): CodeIgniter\Debug\Exceptions->errorHandler()
 2 APPPATH/Models/Emailmailer.php(8): require()
 3 SYSTEMPATH/Autoloader/Autoloader.php(311): include_once('/home/u866861647/domains/verifyreviews.es/public_html/verifyreviews/app/Models/Emailmailer.php')
 4 SYSTEMPATH/Autoloader/Autoloader.php(290): CodeIgniter\Autoloader\Autoloader->includeFile()
 5 SYSTEMPATH/Autoloader/Autoloader.php(266): CodeIgniter\Autoloader\Autoloader->loadInNamespace()
 6 APPPATH/Controllers/Home.php(147): CodeIgniter\Autoloader\Autoloader->loadClass()
 7 SYSTEMPATH/CodeIgniter.php(941): App\Controllers\Home->setNegocio()
 8 SYSTEMPATH/CodeIgniter.php(502): CodeIgniter\CodeIgniter->runController()
 9 SYSTEMPATH/CodeIgniter.php(361): CodeIgniter\CodeIgniter->handleRequest()
10 FCPATH/index.php(79): CodeIgniter\CodeIgniter->run()
CRITICAL - 2024-03-31 15:01:57 --> ErrorException: require_once(/home/u866861647/domains/verifyreviews.es/public_html/verifyreviews/public/vendor/autoload.php): Failed to open stream: No such file or directory
in APPPATH/Models/Emailmailer.php on line 7.
 1 APPPATH/Models/Emailmailer.php(7): CodeIgniter\Debug\Exceptions->errorHandler()
 2 APPPATH/Models/Emailmailer.php(7): require_once()
 3 SYSTEMPATH/Autoloader/Autoloader.php(311): include_once('/home/u866861647/domains/verifyreviews.es/public_html/verifyreviews/app/Models/Emailmailer.php')
 4 SYSTEMPATH/Autoloader/Autoloader.php(290): CodeIgniter\Autoloader\Autoloader->includeFile()
 5 SYSTEMPATH/Autoloader/Autoloader.php(266): CodeIgniter\Autoloader\Autoloader->loadInNamespace()
 6 APPPATH/Controllers/Home.php(147): CodeIgniter\Autoloader\Autoloader->loadClass()
 7 SYSTEMPATH/CodeIgniter.php(941): App\Controllers\Home->setNegocio()
 8 SYSTEMPATH/CodeIgniter.php(502): CodeIgniter\CodeIgniter->runController()
 9 SYSTEMPATH/CodeIgniter.php(361): CodeIgniter\CodeIgniter->handleRequest()
10 FCPATH/index.php(79): CodeIgniter\CodeIgniter->run()
CRITICAL - 2024-03-31 15:05:22 --> ErrorException: require_once(/home/u866861647/domains/verifyreviews.es/public_html/verifyreviews/public/vendor/src/Exception.php): Failed to open stream: No such file or directory
in APPPATH/Models/Emailmailer.php on line 6.
 1 APPPATH/Models/Emailmailer.php(6): CodeIgniter\Debug\Exceptions->errorHandler()
 2 APPPATH/Models/Emailmailer.php(6): require_once()
 3 SYSTEMPATH/Autoloader/Autoloader.php(311): include_once('/home/u866861647/domains/verifyreviews.es/public_html/verifyreviews/app/Models/Emailmailer.php')
 4 SYSTEMPATH/Autoloader/Autoloader.php(290): CodeIgniter\Autoloader\Autoloader->includeFile()
 5 SYSTEMPATH/Autoloader/Autoloader.php(266): CodeIgniter\Autoloader\Autoloader->loadInNamespace()
 6 APPPATH/Controllers/Home.php(147): CodeIgniter\Autoloader\Autoloader->loadClass()
 7 SYSTEMPATH/CodeIgniter.php(941): App\Controllers\Home->setNegocio()
 8 SYSTEMPATH/CodeIgniter.php(502): CodeIgniter\CodeIgniter->runController()
 9 SYSTEMPATH/CodeIgniter.php(361): CodeIgniter\CodeIgniter->handleRequest()
10 FCPATH/index.php(79): CodeIgniter\CodeIgniter->run()
CRITICAL - 2024-03-31 15:06:21 --> ErrorException: require_once(/home/u866861647/domains/verifyreviews.es/public_html/verifyreviews/public/vendor/src/Exception.php): Failed to open stream: No such file or directory
in APPPATH/Models/Emailmailer.php on line 6.
 1 APPPATH/Models/Emailmailer.php(6): CodeIgniter\Debug\Exceptions->errorHandler()
 2 APPPATH/Models/Emailmailer.php(6): require_once()
 3 SYSTEMPATH/Autoloader/Autoloader.php(311): include_once('/home/u866861647/domains/verifyreviews.es/public_html/verifyreviews/app/Models/Emailmailer.php')
 4 SYSTEMPATH/Autoloader/Autoloader.php(290): CodeIgniter\Autoloader\Autoloader->includeFile()
 5 SYSTEMPATH/Autoloader/Autoloader.php(266): CodeIgniter\Autoloader\Autoloader->loadInNamespace()
 6 APPPATH/Controllers/Home.php(147): CodeIgniter\Autoloader\Autoloader->loadClass()
 7 SYSTEMPATH/CodeIgniter.php(941): App\Controllers\Home->setNegocio()
 8 SYSTEMPATH/CodeIgniter.php(502): CodeIgniter\CodeIgniter->runController()
 9 SYSTEMPATH/CodeIgniter.php(361): CodeIgniter\CodeIgniter->handleRequest()
10 FCPATH/index.php(79): CodeIgniter\CodeIgniter->run()
CRITICAL - 2024-03-31 15:07:57 --> ErrorException: require(vendor/src/Exception.php): Failed to open stream: No such file or directory
in APPPATH/Models/Emailmailer.php on line 6.
 1 APPPATH/Models/Emailmailer.php(6): CodeIgniter\Debug\Exceptions->errorHandler()
 2 APPPATH/Models/Emailmailer.php(6): require()
 3 SYSTEMPATH/Autoloader/Autoloader.php(311): include_once('/home/u866861647/domains/verifyreviews.es/public_html/verifyreviews/app/Models/Emailmailer.php')
 4 SYSTEMPATH/Autoloader/Autoloader.php(290): CodeIgniter\Autoloader\Autoloader->includeFile()
 5 SYSTEMPATH/Autoloader/Autoloader.php(266): CodeIgniter\Autoloader\Autoloader->loadInNamespace()
 6 APPPATH/Controllers/Home.php(147): CodeIgniter\Autoloader\Autoloader->loadClass()
 7 SYSTEMPATH/CodeIgniter.php(941): App\Controllers\Home->setNegocio()
 8 SYSTEMPATH/CodeIgniter.php(502): CodeIgniter\CodeIgniter->runController()
 9 SYSTEMPATH/CodeIgniter.php(361): CodeIgniter\CodeIgniter->handleRequest()
10 FCPATH/index.php(79): CodeIgniter\CodeIgniter->run()
CRITICAL - 2024-03-31 15:14:02 --> ErrorException: require(/home/u866861647/domains/verifyreviews.es/public_html/verifyreviews/public/vendor/phpmailer/phpmailer/src/Exception.php): Failed to open stream: No such file or directory
in APPPATH/Models/Emailmailer.php on line 6.
 1 APPPATH/Models/Emailmailer.php(6): CodeIgniter\Debug\Exceptions->errorHandler()
 2 APPPATH/Models/Emailmailer.php(6): require()
 3 SYSTEMPATH/Autoloader/Autoloader.php(311): include_once('/home/u866861647/domains/verifyreviews.es/public_html/verifyreviews/app/Models/Emailmailer.php')
 4 SYSTEMPATH/Autoloader/Autoloader.php(290): CodeIgniter\Autoloader\Autoloader->includeFile()
 5 SYSTEMPATH/Autoloader/Autoloader.php(266): CodeIgniter\Autoloader\Autoloader->loadInNamespace()
 6 APPPATH/Controllers/Home.php(147): CodeIgniter\Autoloader\Autoloader->loadClass()
 7 SYSTEMPATH/CodeIgniter.php(941): App\Controllers\Home->setNegocio()
 8 SYSTEMPATH/CodeIgniter.php(502): CodeIgniter\CodeIgniter->runController()
 9 SYSTEMPATH/CodeIgniter.php(361): CodeIgniter\CodeIgniter->handleRequest()
10 FCPATH/index.php(79): CodeIgniter\CodeIgniter->run()
CRITICAL - 2024-03-31 15:20:36 --> ErrorException: require(vendor/autoload.php): Failed to open stream: No such file or directory
in APPPATH/Models/Emailmailer.php on line 6.
 1 APPPATH/Models/Emailmailer.php(6): CodeIgniter\Debug\Exceptions->errorHandler()
 2 APPPATH/Models/Emailmailer.php(6): require()
 3 SYSTEMPATH/Autoloader/Autoloader.php(311): include_once('/home/u866861647/domains/verifyreviews.es/public_html/verifyreviews/app/Models/Emailmailer.php')
 4 SYSTEMPATH/Autoloader/Autoloader.php(290): CodeIgniter\Autoloader\Autoloader->includeFile()
 5 SYSTEMPATH/Autoloader/Autoloader.php(266): CodeIgniter\Autoloader\Autoloader->loadInNamespace()
 6 APPPATH/Controllers/Home.php(147): CodeIgniter\Autoloader\Autoloader->loadClass()
 7 SYSTEMPATH/CodeIgniter.php(941): App\Controllers\Home->setNegocio()
 8 SYSTEMPATH/CodeIgniter.php(502): CodeIgniter\CodeIgniter->runController()
 9 SYSTEMPATH/CodeIgniter.php(361): CodeIgniter\CodeIgniter->handleRequest()
10 FCPATH/index.php(79): CodeIgniter\CodeIgniter->run()
CRITICAL - 2024-03-31 15:25:46 --> ErrorException: require(vendor/autoload.php): Failed to open stream: No such file or directory
in APPPATH/Models/Emailmailer.php on line 6.
 1 APPPATH/Models/Emailmailer.php(6): CodeIgniter\Debug\Exceptions->errorHandler()
 2 APPPATH/Models/Emailmailer.php(6): require()
 3 SYSTEMPATH/Autoloader/Autoloader.php(311): include_once('/home/u866861647/domains/verifyreviews.es/public_html/verifyreviews/app/Models/Emailmailer.php')
 4 SYSTEMPATH/Autoloader/Autoloader.php(290): CodeIgniter\Autoloader\Autoloader->includeFile()
 5 SYSTEMPATH/Autoloader/Autoloader.php(266): CodeIgniter\Autoloader\Autoloader->loadInNamespace()
 6 APPPATH/Controllers/Home.php(147): CodeIgniter\Autoloader\Autoloader->loadClass()
 7 SYSTEMPATH/CodeIgniter.php(941): App\Controllers\Home->setNegocio()
 8 SYSTEMPATH/CodeIgniter.php(502): CodeIgniter\CodeIgniter->runController()
 9 SYSTEMPATH/CodeIgniter.php(361): CodeIgniter\CodeIgniter->handleRequest()
10 FCPATH/index.php(79): CodeIgniter\CodeIgniter->run()
CRITICAL - 2024-03-31 15:26:28 --> ErrorException: require(): https:// wrapper is disabled in the server configuration by allow_url_include=0
in APPPATH/Models/Emailmailer.php on line 6.
 1 APPPATH/Models/Emailmailer.php(6): CodeIgniter\Debug\Exceptions->errorHandler()
 2 APPPATH/Models/Emailmailer.php(6): require()
 3 SYSTEMPATH/Autoloader/Autoloader.php(311): include_once('/home/u866861647/domains/verifyreviews.es/public_html/verifyreviews/app/Models/Emailmailer.php')
 4 SYSTEMPATH/Autoloader/Autoloader.php(290): CodeIgniter\Autoloader\Autoloader->includeFile()
 5 SYSTEMPATH/Autoloader/Autoloader.php(266): CodeIgniter\Autoloader\Autoloader->loadInNamespace()
 6 APPPATH/Controllers/Home.php(147): CodeIgniter\Autoloader\Autoloader->loadClass()
 7 SYSTEMPATH/CodeIgniter.php(941): App\Controllers\Home->setNegocio()
 8 SYSTEMPATH/CodeIgniter.php(502): CodeIgniter\CodeIgniter->runController()
 9 SYSTEMPATH/CodeIgniter.php(361): CodeIgniter\CodeIgniter->handleRequest()
10 FCPATH/index.php(79): CodeIgniter\CodeIgniter->run()
CRITICAL - 2024-03-31 15:32:30 --> ErrorException: require(/home/u866861647/domains/verifyreviews.es/public_html/verifyreviews/app/Models../vendor/autoload.php): Failed to open stream: No such file or directory
in APPPATH/Models/Emailmailer.php on line 6.
 1 APPPATH/Models/Emailmailer.php(6): CodeIgniter\Debug\Exceptions->errorHandler()
 2 APPPATH/Models/Emailmailer.php(6): require()
 3 SYSTEMPATH/Autoloader/Autoloader.php(311): include_once('/home/u866861647/domains/verifyreviews.es/public_html/verifyreviews/app/Models/Emailmailer.php')
 4 SYSTEMPATH/Autoloader/Autoloader.php(290): CodeIgniter\Autoloader\Autoloader->includeFile()
 5 SYSTEMPATH/Autoloader/Autoloader.php(266): CodeIgniter\Autoloader\Autoloader->loadInNamespace()
 6 APPPATH/Controllers/Home.php(147): CodeIgniter\Autoloader\Autoloader->loadClass()
 7 SYSTEMPATH/CodeIgniter.php(941): App\Controllers\Home->setNegocio()
 8 SYSTEMPATH/CodeIgniter.php(502): CodeIgniter\CodeIgniter->runController()
 9 SYSTEMPATH/CodeIgniter.php(361): CodeIgniter\CodeIgniter->handleRequest()
10 FCPATH/index.php(79): CodeIgniter\CodeIgniter->run()
CRITICAL - 2024-03-31 15:41:59 --> ErrorException: require(vendor/phpMailer/src/Exception.php): Failed to open stream: No such file or directory
in APPPATH/Models/Emailmailer.php on line 7.
 1 APPPATH/Models/Emailmailer.php(7): CodeIgniter\Debug\Exceptions->errorHandler()
 2 APPPATH/Models/Emailmailer.php(7): require()
 3 SYSTEMPATH/Autoloader/Autoloader.php(311): include_once('/home/u866861647/domains/verifyreviews.es/public_html/verifyreviews/app/Models/Emailmailer.php')
 4 SYSTEMPATH/Autoloader/Autoloader.php(290): CodeIgniter\Autoloader\Autoloader->includeFile()
 5 SYSTEMPATH/Autoloader/Autoloader.php(266): CodeIgniter\Autoloader\Autoloader->loadInNamespace()
 6 APPPATH/Controllers/Home.php(147): CodeIgniter\Autoloader\Autoloader->loadClass()
 7 SYSTEMPATH/CodeIgniter.php(941): App\Controllers\Home->setNegocio()
 8 SYSTEMPATH/CodeIgniter.php(502): CodeIgniter\CodeIgniter->runController()
 9 SYSTEMPATH/CodeIgniter.php(361): CodeIgniter\CodeIgniter->handleRequest()
10 FCPATH/index.php(79): CodeIgniter\CodeIgniter->run()
CRITICAL - 2024-03-31 15:43:19 --> ErrorException: require(vendor/phpMailer/phpMailer/src/Exception.php): Failed to open stream: No such file or directory
in APPPATH/Models/Emailmailer.php on line 7.
 1 APPPATH/Models/Emailmailer.php(7): CodeIgniter\Debug\Exceptions->errorHandler()
 2 APPPATH/Models/Emailmailer.php(7): require()
 3 SYSTEMPATH/Autoloader/Autoloader.php(311): include_once('/home/u866861647/domains/verifyreviews.es/public_html/verifyreviews/app/Models/Emailmailer.php')
 4 SYSTEMPATH/Autoloader/Autoloader.php(290): CodeIgniter\Autoloader\Autoloader->includeFile()
 5 SYSTEMPATH/Autoloader/Autoloader.php(266): CodeIgniter\Autoloader\Autoloader->loadInNamespace()
 6 APPPATH/Controllers/Home.php(147): CodeIgniter\Autoloader\Autoloader->loadClass()
 7 SYSTEMPATH/CodeIgniter.php(941): App\Controllers\Home->setNegocio()
 8 SYSTEMPATH/CodeIgniter.php(502): CodeIgniter\CodeIgniter->runController()
 9 SYSTEMPATH/CodeIgniter.php(361): CodeIgniter\CodeIgniter->handleRequest()
10 FCPATH/index.php(79): CodeIgniter\CodeIgniter->run()
CRITICAL - 2024-03-31 15:47:41 --> ErrorException: require(system/src/Exception.php): Failed to open stream: No such file or directory
in APPPATH/Models/Emailmailer.php on line 7.
 1 APPPATH/Models/Emailmailer.php(7): CodeIgniter\Debug\Exceptions->errorHandler()
 2 APPPATH/Models/Emailmailer.php(7): require()
 3 SYSTEMPATH/Autoloader/Autoloader.php(311): include_once('/home/u866861647/domains/verifyreviews.es/public_html/verifyreviews/app/Models/Emailmailer.php')
 4 SYSTEMPATH/Autoloader/Autoloader.php(290): CodeIgniter\Autoloader\Autoloader->includeFile()
 5 SYSTEMPATH/Autoloader/Autoloader.php(266): CodeIgniter\Autoloader\Autoloader->loadInNamespace()
 6 APPPATH/Controllers/Home.php(147): CodeIgniter\Autoloader\Autoloader->loadClass()
 7 SYSTEMPATH/CodeIgniter.php(941): App\Controllers\Home->setNegocio()
 8 SYSTEMPATH/CodeIgniter.php(502): CodeIgniter\CodeIgniter->runController()
 9 SYSTEMPATH/CodeIgniter.php(361): CodeIgniter\CodeIgniter->handleRequest()
10 FCPATH/index.php(79): CodeIgniter\CodeIgniter->run()
CRITICAL - 2024-03-31 15:52:08 --> ErrorException: require(vendor/autoload.php): Failed to open stream: No such file or directory
in APPPATH/Models/Emailmailer.php on line 7.
 1 APPPATH/Models/Emailmailer.php(7): CodeIgniter\Debug\Exceptions->errorHandler()
 2 APPPATH/Models/Emailmailer.php(7): require()
 3 SYSTEMPATH/Autoloader/Autoloader.php(311): include_once('/home/u866861647/domains/verifyreviews.es/public_html/verifyreviews/app/Models/Emailmailer.php')
 4 SYSTEMPATH/Autoloader/Autoloader.php(290): CodeIgniter\Autoloader\Autoloader->includeFile()
 5 SYSTEMPATH/Autoloader/Autoloader.php(266): CodeIgniter\Autoloader\Autoloader->loadInNamespace()
 6 APPPATH/Controllers/Home.php(147): CodeIgniter\Autoloader\Autoloader->loadClass()
 7 SYSTEMPATH/CodeIgniter.php(941): App\Controllers\Home->setNegocio()
 8 SYSTEMPATH/CodeIgniter.php(502): CodeIgniter\CodeIgniter->runController()
 9 SYSTEMPATH/CodeIgniter.php(361): CodeIgniter\CodeIgniter->handleRequest()
10 FCPATH/index.php(79): CodeIgniter\CodeIgniter->run()
CRITICAL - 2024-03-31 15:58:26 --> ErrorException: require(../..vendor/autoload.php): Failed to open stream: No such file or directory
in APPPATH/Models/Emailmailer.php on line 7.
 1 APPPATH/Models/Emailmailer.php(7): CodeIgniter\Debug\Exceptions->errorHandler()
 2 APPPATH/Models/Emailmailer.php(7): require()
 3 SYSTEMPATH/Autoloader/Autoloader.php(311): include_once('/home/u866861647/domains/verifyreviews.es/public_html/verifyreviews/app/Models/Emailmailer.php')
 4 SYSTEMPATH/Autoloader/Autoloader.php(290): CodeIgniter\Autoloader\Autoloader->includeFile()
 5 SYSTEMPATH/Autoloader/Autoloader.php(266): CodeIgniter\Autoloader\Autoloader->loadInNamespace()
 6 APPPATH/Controllers/Home.php(147): CodeIgniter\Autoloader\Autoloader->loadClass()
 7 SYSTEMPATH/CodeIgniter.php(941): App\Controllers\Home->setNegocio()
 8 SYSTEMPATH/CodeIgniter.php(502): CodeIgniter\CodeIgniter->runController()
 9 SYSTEMPATH/CodeIgniter.php(361): CodeIgniter\CodeIgniter->handleRequest()
10 FCPATH/index.php(79): CodeIgniter\CodeIgniter->run()
CRITICAL - 2024-03-31 16:00:12 --> ErrorException: require(/home/u866861647/domains/verifyreviews.es/public_html/verifyreviews/app/Models../..vendor/autoload.php): Failed to open stream: No such file or directory
in APPPATH/Models/Emailmailer.php on line 7.
 1 APPPATH/Models/Emailmailer.php(7): CodeIgniter\Debug\Exceptions->errorHandler()
 2 APPPATH/Models/Emailmailer.php(7): require()
 3 SYSTEMPATH/Autoloader/Autoloader.php(311): include_once('/home/u866861647/domains/verifyreviews.es/public_html/verifyreviews/app/Models/Emailmailer.php')
 4 SYSTEMPATH/Autoloader/Autoloader.php(290): CodeIgniter\Autoloader\Autoloader->includeFile()
 5 SYSTEMPATH/Autoloader/Autoloader.php(266): CodeIgniter\Autoloader\Autoloader->loadInNamespace()
 6 APPPATH/Controllers/Home.php(147): CodeIgniter\Autoloader\Autoloader->loadClass()
 7 SYSTEMPATH/CodeIgniter.php(941): App\Controllers\Home->setNegocio()
 8 SYSTEMPATH/CodeIgniter.php(502): CodeIgniter\CodeIgniter->runController()
 9 SYSTEMPATH/CodeIgniter.php(361): CodeIgniter\CodeIgniter->handleRequest()
10 FCPATH/index.php(79): CodeIgniter\CodeIgniter->run()
CRITICAL - 2024-03-31 16:05:13 --> ErrorException: require(/home/u866861647/domains/verifyreviews.es/public_html/verifyreviews/public/vendor/autoload.php): Failed to open stream: No such file or directory
in APPPATH/Models/Emailmailer.php on line 7.
 1 APPPATH/Models/Emailmailer.php(7): CodeIgniter\Debug\Exceptions->errorHandler()
 2 APPPATH/Models/Emailmailer.php(7): require()
 3 SYSTEMPATH/Autoloader/Autoloader.php(311): include_once('/home/u866861647/domains/verifyreviews.es/public_html/verifyreviews/app/Models/Emailmailer.php')
 4 SYSTEMPATH/Autoloader/Autoloader.php(290): CodeIgniter\Autoloader\Autoloader->includeFile()
 5 SYSTEMPATH/Autoloader/Autoloader.php(266): CodeIgniter\Autoloader\Autoloader->loadInNamespace()
 6 APPPATH/Controllers/Home.php(147): CodeIgniter\Autoloader\Autoloader->loadClass()
 7 SYSTEMPATH/CodeIgniter.php(941): App\Controllers\Home->setNegocio()
 8 SYSTEMPATH/CodeIgniter.php(502): CodeIgniter\CodeIgniter->runController()
 9 SYSTEMPATH/CodeIgniter.php(361): CodeIgniter\CodeIgniter->handleRequest()
10 FCPATH/index.php(79): CodeIgniter\CodeIgniter->run()
CRITICAL - 2024-03-31 16:06:15 --> ErrorException: require(/home/u866861647/domains/verifyreviews.es/public_html/verifyreviews/public/../../vendor/autoload.php): Failed to open stream: No such file or directory
in APPPATH/Models/Emailmailer.php on line 7.
 1 APPPATH/Models/Emailmailer.php(7): CodeIgniter\Debug\Exceptions->errorHandler()
 2 APPPATH/Models/Emailmailer.php(7): require()
 3 SYSTEMPATH/Autoloader/Autoloader.php(311): include_once('/home/u866861647/domains/verifyreviews.es/public_html/verifyreviews/app/Models/Emailmailer.php')
 4 SYSTEMPATH/Autoloader/Autoloader.php(290): CodeIgniter\Autoloader\Autoloader->includeFile()
 5 SYSTEMPATH/Autoloader/Autoloader.php(266): CodeIgniter\Autoloader\Autoloader->loadInNamespace()
 6 APPPATH/Controllers/Home.php(147): CodeIgniter\Autoloader\Autoloader->loadClass()
 7 SYSTEMPATH/CodeIgniter.php(941): App\Controllers\Home->setNegocio()
 8 SYSTEMPATH/CodeIgniter.php(502): CodeIgniter\CodeIgniter->runController()
 9 SYSTEMPATH/CodeIgniter.php(361): CodeIgniter\CodeIgniter->handleRequest()
10 FCPATH/index.php(79): CodeIgniter\CodeIgniter->run()
CRITICAL - 2024-03-31 16:45:14 --> Error: Call to undefined method CodeIgniter\Database\MySQLi\Result::numRows()
in APPPATH/Models/BaseDatos.php on line 44.
 1 APPPATH/Controllers/Home.php(186): App\Models\BaseDatos->comprobarCorreo()
 2 SYSTEMPATH/CodeIgniter.php(941): App\Controllers\Home->confirmarEmail()
 3 SYSTEMPATH/CodeIgniter.php(502): CodeIgniter\CodeIgniter->runController()
 4 SYSTEMPATH/CodeIgniter.php(361): CodeIgniter\CodeIgniter->handleRequest()
 5 FCPATH/index.php(79): CodeIgniter\CodeIgniter->run()
