CRITICAL - 2024-03-16 09:33:40 --> ErrorException: Undefined property: App\Controllers\Home::$load
in APPPATH/Controllers/Home.php on line 25.
 1 APPPATH/Controllers/Home.php(25): CodeIgniter\Debug\Exceptions->errorHandler()
 2 SYSTEMPATH/CodeIgniter.php(941): App\Controllers\Home->index()
 3 SYSTEMPATH/CodeIgniter.php(502): CodeIgniter\CodeIgniter->runController()
 4 SYSTEMPATH/CodeIgniter.php(361): CodeIgniter\CodeIgniter->handleRequest()
 5 FCPATH/index.php(79): CodeIgniter\CodeIgniter->run()
CRITICAL - 2024-03-16 09:33:43 --> ErrorException: Undefined property: App\Controllers\Home::$load
in APPPATH/Controllers/Home.php on line 25.
 1 APPPATH/Controllers/Home.php(25): CodeIgniter\Debug\Exceptions->errorHandler()
 2 SYSTEMPATH/CodeIgniter.php(941): App\Controllers\Home->index()
 3 SYSTEMPATH/CodeIgniter.php(502): CodeIgniter\CodeIgniter->runController()
 4 SYSTEMPATH/CodeIgniter.php(361): CodeIgniter\CodeIgniter->handleRequest()
 5 FCPATH/index.php(79): CodeIgniter\CodeIgniter->run()
CRITICAL - 2024-03-16 09:33:53 --> ErrorException: Undefined property: App\Controllers\Home::$load
in APPPATH/Controllers/Home.php on line 25.
 1 APPPATH/Controllers/Home.php(25): CodeIgniter\Debug\Exceptions->errorHandler()
 2 SYSTEMPATH/CodeIgniter.php(941): App\Controllers\Home->index()
 3 SYSTEMPATH/CodeIgniter.php(502): CodeIgniter\CodeIgniter->runController()
 4 SYSTEMPATH/CodeIgniter.php(361): CodeIgniter\CodeIgniter->handleRequest()
 5 FCPATH/index.php(79): CodeIgniter\CodeIgniter->run()
CRITICAL - 2024-03-16 09:33:57 --> ErrorException: Undefined property: App\Controllers\Home::$load
in APPPATH/Controllers/Home.php on line 25.
 1 APPPATH/Controllers/Home.php(25): CodeIgniter\Debug\Exceptions->errorHandler()
 2 SYSTEMPATH/CodeIgniter.php(941): App\Controllers\Home->index()
 3 SYSTEMPATH/CodeIgniter.php(502): CodeIgniter\CodeIgniter->runController()
 4 SYSTEMPATH/CodeIgniter.php(361): CodeIgniter\CodeIgniter->handleRequest()
 5 FCPATH/index.php(79): CodeIgniter\CodeIgniter->run()
CRITICAL - 2024-03-16 09:34:01 --> ErrorException: Undefined property: App\Controllers\Home::$load
in APPPATH/Controllers/Home.php on line 25.
 1 APPPATH/Controllers/Home.php(25): CodeIgniter\Debug\Exceptions->errorHandler()
 2 SYSTEMPATH/CodeIgniter.php(941): App\Controllers\Home->index()
 3 SYSTEMPATH/CodeIgniter.php(502): CodeIgniter\CodeIgniter->runController()
 4 SYSTEMPATH/CodeIgniter.php(361): CodeIgniter\CodeIgniter->handleRequest()
 5 FCPATH/index.php(79): CodeIgniter\CodeIgniter->run()
CRITICAL - 2024-03-16 18:27:00 --> ErrorException: Undefined variable $jsonFile
in APPPATH/Views/header_content.php on line 34.
 1 APPPATH/Views/header_content.php(34): CodeIgniter\Debug\Exceptions->errorHandler()
 2 SYSTEMPATH/View/View.php(228): include('/home/u866861647/domains/verifyreviews.es/public_html/verifyreviews/app/Views/header_content.php')
 3 SYSTEMPATH/View/View.php(231): CodeIgniter\View\View->CodeIgniter\View\{closure}()
 4 SYSTEMPATH/Common.php(1178): CodeIgniter\View\View->render()
 5 APPPATH/Controllers/Home.php(28): view()
 6 SYSTEMPATH/CodeIgniter.php(941): App\Controllers\Home->index()
 7 SYSTEMPATH/CodeIgniter.php(502): CodeIgniter\CodeIgniter->runController()
 8 SYSTEMPATH/CodeIgniter.php(361): CodeIgniter\CodeIgniter->handleRequest()
 9 FCPATH/index.php(79): CodeIgniter\CodeIgniter->run()
